{"D:\\antigravity\\Eureka\\Actividad1\\frontend\\src\\App.tsx": {"path":"D:\\antigravity\\Eureka\\Actividad1\\frontend\\src\\App.tsx","statementMap":{"0":{"start":{"line":12,"column":2},"end":{"line":22,"column":null}}},"fnMap":{"0":{"name":"App","decl":{"start":{"line":11,"column":9},"end":{"line":11,"column":15}},"loc":{"start":{"line":11,"column":15},"end":{"line":24,"column":null}},"line":11}},"branchMap":{},"s":{"0":0},"f":{"0":0},"b":{},"meta":{"lastBranch":0,"lastFunction":1,"lastStatement":1,"seen":{"f:11:9:11:15":0,"s:12:2:22:Infinity":0}}}
,"D:\\antigravity\\Eureka\\Actividad1\\frontend\\src\\api\\analytics.ts": {"path":"D:\\antigravity\\Eureka\\Actividad1\\frontend\\src\\api\\analytics.ts","statementMap":{"0":{"start":{"line":4,"column":17},"end":{"line":4,"column":null}},"1":{"start":{"line":6,"column":29},"end":{"line":9,"column":null}},"2":{"start":{"line":7,"column":19},"end":{"line":7,"column":null}},"3":{"start":{"line":8,"column":2},"end":{"line":8,"column":null}},"4":{"start":{"line":11,"column":28},"end":{"line":14,"column":null}},"5":{"start":{"line":12,"column":19},"end":{"line":12,"column":null}},"6":{"start":{"line":13,"column":2},"end":{"line":13,"column":null}},"7":{"start":{"line":16,"column":35},"end":{"line":19,"column":null}},"8":{"start":{"line":17,"column":19},"end":{"line":17,"column":null}},"9":{"start":{"line":18,"column":2},"end":{"line":18,"column":null}},"10":{"start":{"line":21,"column":28},"end":{"line":24,"column":null}},"11":{"start":{"line":22,"column":19},"end":{"line":22,"column":null}},"12":{"start":{"line":23,"column":2},"end":{"line":23,"column":null}},"13":{"start":{"line":26,"column":35},"end":{"line":29,"column":null}},"14":{"start":{"line":27,"column":19},"end":{"line":27,"column":null}},"15":{"start":{"line":28,"column":2},"end":{"line":28,"column":null}},"16":{"start":{"line":31,"column":29},"end":{"line":34,"column":null}},"17":{"start":{"line":32,"column":19},"end":{"line":32,"column":null}},"18":{"start":{"line":33,"column":2},"end":{"line":33,"column":null}},"19":{"start":{"line":36,"column":29},"end":{"line":39,"column":null}},"20":{"start":{"line":37,"column":19},"end":{"line":37,"column":null}},"21":{"start":{"line":38,"column":2},"end":{"line":38,"column":null}}},"fnMap":{"0":{"name":"(anonymous_0)","decl":{"start":{"line":6,"column":29},"end":{"line":6,"column":73}},"loc":{"start":{"line":6,"column":73},"end":{"line":9,"column":null}},"line":6},"1":{"name":"(anonymous_1)","decl":{"start":{"line":11,"column":28},"end":{"line":11,"column":35}},"loc":{"start":{"line":11,"column":78},"end":{"line":14,"column":null}},"line":11},"2":{"name":"(anonymous_2)","decl":{"start":{"line":16,"column":35},"end":{"line":16,"column":79}},"loc":{"start":{"line":16,"column":79},"end":{"line":19,"column":null}},"line":16},"3":{"name":"(anonymous_3)","decl":{"start":{"line":21,"column":28},"end":{"line":21,"column":72}},"loc":{"start":{"line":21,"column":72},"end":{"line":24,"column":null}},"line":21},"4":{"name":"(anonymous_4)","decl":{"start":{"line":26,"column":35},"end":{"line":26,"column":63}},"loc":{"start":{"line":26,"column":63},"end":{"line":29,"column":null}},"line":26},"5":{"name":"(anonymous_5)","decl":{"start":{"line":31,"column":29},"end":{"line":31,"column":57}},"loc":{"start":{"line":31,"column":57},"end":{"line":34,"column":null}},"line":31},"6":{"name":"(anonymous_6)","decl":{"start":{"line":36,"column":29},"end":{"line":36,"column":36}},"loc":{"start":{"line":36,"column":76},"end":{"line":39,"column":null}},"line":36}},"branchMap":{},"s":{"0":2,"1":2,"2":1,"3":1,"4":2,"5":1,"6":1,"7":2,"8":1,"9":1,"10":2,"11":1,"12":1,"13":2,"14":0,"15":0,"16":2,"17":0,"18":0,"19":2,"20":0,"21":0},"f":{"0":1,"1":1,"2":1,"3":1,"4":0,"5":0,"6":0},"b":{},"meta":{"lastBranch":0,"lastFunction":7,"lastStatement":22,"seen":{"s:4:17:4:Infinity":0,"s:6:29:9:Infinity":1,"f:6:29:6:73":0,"s:7:19:7:Infinity":2,"s:8:2:8:Infinity":3,"s:11:28:14:Infinity":4,"f:11:28:11:35":1,"s:12:19:12:Infinity":5,"s:13:2:13:Infinity":6,"s:16:35:19:Infinity":7,"f:16:35:16:79":2,"s:17:19:17:Infinity":8,"s:18:2:18:Infinity":9,"s:21:28:24:Infinity":10,"f:21:28:21:72":3,"s:22:19:22:Infinity":11,"s:23:2:23:Infinity":12,"s:26:35:29:Infinity":13,"f:26:35:26:63":4,"s:27:19:27:Infinity":14,"s:28:2:28:Infinity":15,"s:31:29:34:Infinity":16,"f:31:29:31:57":5,"s:32:19:32:Infinity":17,"s:33:2:33:Infinity":18,"s:36:29:39:Infinity":19,"f:36:29:36:36":6,"s:37:19:37:Infinity":20,"s:38:2:38:Infinity":21}}}
,"D:\\antigravity\\Eureka\\Actividad1\\frontend\\src\\api\\graph.ts": {"path":"D:\\antigravity\\Eureka\\Actividad1\\frontend\\src\\api\\graph.ts","statementMap":{"0":{"start":{"line":5,"column":17},"end":{"line":5,"column":null}},"1":{"start":{"line":7,"column":24},"end":{"line":10,"column":null}},"2":{"start":{"line":8,"column":19},"end":{"line":8,"column":null}},"3":{"start":{"line":9,"column":2},"end":{"line":9,"column":null}},"4":{"start":{"line":12,"column":33},"end":{"line":19,"column":null}},"5":{"start":{"line":13,"column":2},"end":{"line":16,"column":null}},"6":{"start":{"line":14,"column":21},"end":{"line":14,"column":null}},"7":{"start":{"line":15,"column":4},"end":{"line":15,"column":null}},"8":{"start":{"line":17,"column":19},"end":{"line":17,"column":null}},"9":{"start":{"line":18,"column":2},"end":{"line":18,"column":null}},"10":{"start":{"line":21,"column":31},"end":{"line":28,"column":null}},"11":{"start":{"line":22,"column":2},"end":{"line":25,"column":null}},"12":{"start":{"line":23,"column":21},"end":{"line":23,"column":null}},"13":{"start":{"line":24,"column":4},"end":{"line":24,"column":null}},"14":{"start":{"line":26,"column":19},"end":{"line":26,"column":null}},"15":{"start":{"line":27,"column":2},"end":{"line":27,"column":null}}},"fnMap":{"0":{"name":"(anonymous_0)","decl":{"start":{"line":7,"column":24},"end":{"line":7,"column":31}},"loc":{"start":{"line":7,"column":51},"end":{"line":10,"column":null}},"line":7},"1":{"name":"(anonymous_1)","decl":{"start":{"line":12,"column":33},"end":{"line":12,"column":40}},"loc":{"start":{"line":12,"column":73},"end":{"line":19,"column":null}},"line":12},"2":{"name":"(anonymous_2)","decl":{"start":{"line":21,"column":31},"end":{"line":21,"column":38}},"loc":{"start":{"line":21,"column":72},"end":{"line":28,"column":null}},"line":21}},"branchMap":{"0":{"loc":{"start":{"line":13,"column":2},"end":{"line":16,"column":null}},"type":"if","locations":[{"start":{"line":13,"column":2},"end":{"line":16,"column":null}},{"start":{},"end":{}}],"line":13},"1":{"loc":{"start":{"line":22,"column":2},"end":{"line":25,"column":null}},"type":"if","locations":[{"start":{"line":22,"column":2},"end":{"line":25,"column":null}},{"start":{},"end":{}}],"line":22}},"s":{"0":3,"1":3,"2":1,"3":1,"4":3,"5":1,"6":0,"7":0,"8":1,"9":1,"10":3,"11":1,"12":0,"13":0,"14":1,"15":1},"f":{"0":1,"1":1,"2":1},"b":{"0":[0,1],"1":[0,1]},"meta":{"lastBranch":2,"lastFunction":3,"lastStatement":16,"seen":{"s:5:17:5:Infinity":0,"s:7:24:10:Infinity":1,"f:7:24:7:31":0,"s:8:19:8:Infinity":2,"s:9:2:9:Infinity":3,"s:12:33:19:Infinity":4,"f:12:33:12:40":1,"b:13:2:16:Infinity:undefined:undefined:undefined:undefined":0,"s:13:2:16:Infinity":5,"s:14:21:14:Infinity":6,"s:15:4:15:Infinity":7,"s:17:19:17:Infinity":8,"s:18:2:18:Infinity":9,"s:21:31:28:Infinity":10,"f:21:31:21:38":2,"b:22:2:25:Infinity:undefined:undefined:undefined:undefined":1,"s:22:2:25:Infinity":11,"s:23:21:23:Infinity":12,"s:24:4:24:Infinity":13,"s:26:19:26:Infinity":14,"s:27:2:27:Infinity":15}}}
,"D:\\antigravity\\Eureka\\Actividad1\\frontend\\src\\components\\analytics\\AnalyticsSummary.tsx": {"path":"D:\\antigravity\\Eureka\\Actividad1\\frontend\\src\\components\\analytics\\AnalyticsSummary.tsx","statementMap":{"0":{"start":{"line":4,"column":13},"end":{"line":57,"column":null}},"1":{"start":{"line":5,"column":36},"end":{"line":5,"column":null}},"2":{"start":{"line":7,"column":2},"end":{"line":7,"column":null}},"3":{"start":{"line":7,"column":17},"end":{"line":7,"column":null}},"4":{"start":{"line":8,"column":2},"end":{"line":8,"column":null}},"5":{"start":{"line":8,"column":25},"end":{"line":8,"column":null}},"6":{"start":{"line":10,"column":19},"end":{"line":10,"column":null}},"7":{"start":{"line":12,"column":2},"end":{"line":55,"column":null}}},"fnMap":{"0":{"name":"(anonymous_0)","decl":{"start":{"line":4,"column":13},"end":{"line":4,"column":38}},"loc":{"start":{"line":4,"column":38},"end":{"line":57,"column":null}},"line":4}},"branchMap":{"0":{"loc":{"start":{"line":7,"column":2},"end":{"line":7,"column":null}},"type":"if","locations":[{"start":{"line":7,"column":2},"end":{"line":7,"column":null}},{"start":{},"end":{}}],"line":7},"1":{"loc":{"start":{"line":8,"column":2},"end":{"line":8,"column":null}},"type":"if","locations":[{"start":{"line":8,"column":2},"end":{"line":8,"column":null}},{"start":{},"end":{}}],"line":8},"2":{"loc":{"start":{"line":8,"column":6},"end":{"line":8,"column":25}},"type":"binary-expr","locations":[{"start":{"line":8,"column":6},"end":{"line":8,"column":15}},{"start":{"line":8,"column":15},"end":{"line":8,"column":25}}],"line":8},"3":{"loc":{"start":{"line":51,"column":13},"end":{"line":51,"column":null}},"type":"binary-expr","locations":[{"start":{"line":51,"column":13},"end":{"line":51,"column":35}},{"start":{"line":51,"column":35},"end":{"line":51,"column":null}}],"line":51}},"s":{"0":1,"1":1,"2":1,"3":1,"4":0,"5":0,"6":0,"7":0},"f":{"0":1},"b":{"0":[1,0],"1":[0,0],"2":[0,0],"3":[1,0]},"meta":{"lastBranch":4,"lastFunction":1,"lastStatement":8,"seen":{"s:4:13:57:Infinity":0,"f:4:13:4:38":0,"s:5:36:5:Infinity":1,"b:7:2:7:Infinity:undefined:undefined:undefined:undefined":0,"s:7:2:7:Infinity":2,"s:7:17:7:Infinity":3,"b:8:2:8:Infinity:undefined:undefined:undefined:undefined":1,"s:8:2:8:Infinity":4,"b:8:6:8:15:8:15:8:25":2,"s:8:25:8:Infinity":5,"s:10:19:10:Infinity":6,"s:12:2:55:Infinity":7,"b:51:13:51:35:51:35:51:Infinity":3}}}
,"D:\\antigravity\\Eureka\\Actividad1\\frontend\\src\\components\\analytics\\ExecutiveInsights.tsx": {"path":"D:\\antigravity\\Eureka\\Actividad1\\frontend\\src\\components\\analytics\\ExecutiveInsights.tsx","statementMap":{"0":{"start":{"line":4,"column":13},"end":{"line":137,"column":null}},"1":{"start":{"line":5,"column":15},"end":{"line":5,"column":null}},"2":{"start":{"line":6,"column":18},"end":{"line":6,"column":null}},"3":{"start":{"line":8,"column":2},"end":{"line":31,"column":null}},"4":{"start":{"line":10,"column":4},"end":{"line":30,"column":null}},"5":{"start":{"line":11,"column":6},"end":{"line":28,"column":null}},"6":{"start":{"line":29,"column":6},"end":{"line":29,"column":null}},"7":{"start":{"line":33,"column":2},"end":{"line":40,"column":null}},"8":{"start":{"line":34,"column":4},"end":{"line":38,"column":null}},"9":{"start":{"line":42,"column":2},"end":{"line":135,"column":null}},"10":{"start":{"line":104,"column":14},"end":{"line":113,"column":null}},"11":{"start":{"line":125,"column":14},"end":{"line":130,"column":null}}},"fnMap":{"0":{"name":"(anonymous_0)","decl":{"start":{"line":4,"column":13},"end":{"line":4,"column":39}},"loc":{"start":{"line":4,"column":39},"end":{"line":137,"column":null}},"line":4},"1":{"name":"(anonymous_1)","decl":{"start":{"line":8,"column":2},"end":{"line":8,"column":18}},"loc":{"start":{"line":8,"column":18},"end":{"line":31,"column":5}},"line":8},"2":{"name":"(anonymous_2)","decl":{"start":{"line":10,"column":4},"end":{"line":10,"column":21}},"loc":{"start":{"line":10,"column":21},"end":{"line":30,"column":7}},"line":10},"3":{"name":"(anonymous_3)","decl":{"start":{"line":103,"column":34},"end":{"line":103,"column":39}},"loc":{"start":{"line":104,"column":14},"end":{"line":113,"column":null}},"line":104},"4":{"name":"(anonymous_4)","decl":{"start":{"line":124,"column":34},"end":{"line":124,"column":39}},"loc":{"start":{"line":125,"column":14},"end":{"line":130,"column":null}},"line":125}},"branchMap":{"0":{"loc":{"start":{"line":33,"column":2},"end":{"line":40,"column":null}},"type":"if","locations":[{"start":{"line":33,"column":2},"end":{"line":40,"column":null}},{"start":{},"end":{}}],"line":33}},"s":{"0":0,"1":0,"2":0,"3":0,"4":0,"5":0,"6":0,"7":0,"8":0,"9":0,"10":0,"11":0},"f":{"0":0,"1":0,"2":0,"3":0,"4":0},"b":{"0":[0,0]},"meta":{"lastBranch":1,"lastFunction":5,"lastStatement":12,"seen":{"s:4:13:137:Infinity":0,"f:4:13:4:39":0,"s:5:15:5:Infinity":1,"s:6:18:6:Infinity":2,"s:8:2:31:Infinity":3,"f:8:2:8:18":1,"s:10:4:30:Infinity":4,"f:10:4:10:21":2,"s:11:6:28:Infinity":5,"s:29:6:29:Infinity":6,"b:33:2:40:Infinity:undefined:undefined:undefined:undefined":0,"s:33:2:40:Infinity":7,"s:34:4:38:Infinity":8,"s:42:2:135:Infinity":9,"f:103:34:103:39":3,"s:104:14:113:Infinity":10,"f:124:34:124:39":4,"s:125:14:130:Infinity":11}}}
,"D:\\antigravity\\Eureka\\Actividad1\\frontend\\src\\components\\analytics\\TopAssetsTable.tsx": {"path":"D:\\antigravity\\Eureka\\Actividad1\\frontend\\src\\components\\analytics\\TopAssetsTable.tsx","statementMap":{"0":{"start":{"line":3,"column":13},"end":{"line":50,"column":null}},"1":{"start":{"line":4,"column":35},"end":{"line":4,"column":null}},"2":{"start":{"line":6,"column":2},"end":{"line":6,"column":null}},"3":{"start":{"line":6,"column":17},"end":{"line":6,"column":null}},"4":{"start":{"line":7,"column":2},"end":{"line":7,"column":null}},"5":{"start":{"line":7,"column":24},"end":{"line":7,"column":null}},"6":{"start":{"line":9,"column":2},"end":{"line":48,"column":null}},"7":{"start":{"line":27,"column":14},"end":{"line":43,"column":null}}},"fnMap":{"0":{"name":"(anonymous_0)","decl":{"start":{"line":3,"column":13},"end":{"line":3,"column":36}},"loc":{"start":{"line":3,"column":36},"end":{"line":50,"column":null}},"line":3},"1":{"name":"(anonymous_1)","decl":{"start":{"line":26,"column":20},"end":{"line":26,"column":25}},"loc":{"start":{"line":27,"column":14},"end":{"line":43,"column":null}},"line":27}},"branchMap":{"0":{"loc":{"start":{"line":6,"column":2},"end":{"line":6,"column":null}},"type":"if","locations":[{"start":{"line":6,"column":2},"end":{"line":6,"column":null}},{"start":{},"end":{}}],"line":6},"1":{"loc":{"start":{"line":7,"column":2},"end":{"line":7,"column":null}},"type":"if","locations":[{"start":{"line":7,"column":2},"end":{"line":7,"column":null}},{"start":{},"end":{}}],"line":7},"2":{"loc":{"start":{"line":7,"column":6},"end":{"line":7,"column":24}},"type":"binary-expr","locations":[{"start":{"line":7,"column":6},"end":{"line":7,"column":15}},{"start":{"line":7,"column":15},"end":{"line":7,"column":24}}],"line":7}},"s":{"0":2,"1":3,"2":3,"3":1,"4":2,"5":0,"6":2,"7":1},"f":{"0":3,"1":1},"b":{"0":[1,2],"1":[0,2],"2":[2,2]},"meta":{"lastBranch":3,"lastFunction":2,"lastStatement":8,"seen":{"s:3:13:50:Infinity":0,"f:3:13:3:36":0,"s:4:35:4:Infinity":1,"b:6:2:6:Infinity:undefined:undefined:undefined:undefined":0,"s:6:2:6:Infinity":2,"s:6:17:6:Infinity":3,"b:7:2:7:Infinity:undefined:undefined:undefined:undefined":1,"s:7:2:7:Infinity":4,"b:7:6:7:15:7:15:7:24":2,"s:7:24:7:Infinity":5,"s:9:2:48:Infinity":6,"f:26:20:26:25":1,"s:27:14:43:Infinity":7}}}
,"D:\\antigravity\\Eureka\\Actividad1\\frontend\\src\\components\\copilot\\KnowledgeCopilotWidget.tsx": {"path":"D:\\antigravity\\Eureka\\Actividad1\\frontend\\src\\components\\copilot\\KnowledgeCopilotWidget.tsx","statementMap":{"0":{"start":{"line":10,"column":13},"end":{"line":122,"column":null}},"1":{"start":{"line":11,"column":19},"end":{"line":13,"column":null}},"2":{"start":{"line":14,"column":16},"end":{"line":14,"column":null}},"3":{"start":{"line":15,"column":20},"end":{"line":15,"column":null}},"4":{"start":{"line":16,"column":8},"end":{"line":16,"column":null}},"5":{"start":{"line":18,"column":8},"end":{"line":20,"column":null}},"6":{"start":{"line":19,"column":4},"end":{"line":19,"column":null}},"7":{"start":{"line":22,"column":2},"end":{"line":24,"column":null}},"8":{"start":{"line":23,"column":4},"end":{"line":23,"column":null}},"9":{"start":{"line":26,"column":21},"end":{"line":66,"column":null}},"10":{"start":{"line":27,"column":4},"end":{"line":27,"column":null}},"11":{"start":{"line":27,"column":23},"end":{"line":27,"column":null}},"12":{"start":{"line":29,"column":33},"end":{"line":33,"column":null}},"13":{"start":{"line":35,"column":4},"end":{"line":35,"column":null}},"14":{"start":{"line":35,"column":24},"end":{"line":35,"column":46}},"15":{"start":{"line":36,"column":4},"end":{"line":36,"column":null}},"16":{"start":{"line":37,"column":4},"end":{"line":37,"column":null}},"17":{"start":{"line":39,"column":4},"end":{"line":65,"column":null}},"18":{"start":{"line":40,"column":23},"end":{"line":46,"column":null}},"19":{"start":{"line":48,"column":19},"end":{"line":48,"column":null}},"20":{"start":{"line":50,"column":34},"end":{"line":54,"column":null}},"21":{"start":{"line":55,"column":6},"end":{"line":55,"column":null}},"22":{"start":{"line":55,"column":26},"end":{"line":55,"column":47}},"23":{"start":{"line":57,"column":36},"end":{"line":61,"column":null}},"24":{"start":{"line":62,"column":6},"end":{"line":62,"column":null}},"25":{"start":{"line":62,"column":26},"end":{"line":62,"column":49}},"26":{"start":{"line":64,"column":6},"end":{"line":64,"column":null}},"27":{"start":{"line":68,"column":8},"end":{"line":72,"column":null}},"28":{"start":{"line":69,"column":4},"end":{"line":71,"column":null}},"29":{"start":{"line":70,"column":6},"end":{"line":70,"column":null}},"30":{"start":{"line":74,"column":2},"end":{"line":120,"column":null}},"31":{"start":{"line":78,"column":10},"end":{"line":85,"column":null}},"32":{"start":{"line":106,"column":29},"end":{"line":106,"column":null}}},"fnMap":{"0":{"name":"(anonymous_0)","decl":{"start":{"line":10,"column":13},"end":{"line":10,"column":44}},"loc":{"start":{"line":10,"column":44},"end":{"line":122,"column":null}},"line":10},"1":{"name":"(anonymous_1)","decl":{"start":{"line":18,"column":8},"end":{"line":18,"column":31}},"loc":{"start":{"line":18,"column":31},"end":{"line":20,"column":null}},"line":18},"2":{"name":"(anonymous_2)","decl":{"start":{"line":22,"column":2},"end":{"line":22,"column":18}},"loc":{"start":{"line":22,"column":18},"end":{"line":24,"column":5}},"line":22},"3":{"name":"(anonymous_3)","decl":{"start":{"line":26,"column":21},"end":{"line":26,"column":33}},"loc":{"start":{"line":26,"column":33},"end":{"line":66,"column":null}},"line":26},"4":{"name":"(anonymous_4)","decl":{"start":{"line":35,"column":4},"end":{"line":35,"column":16}},"loc":{"start":{"line":35,"column":24},"end":{"line":35,"column":46}},"line":35},"5":{"name":"(anonymous_5)","decl":{"start":{"line":55,"column":6},"end":{"line":55,"column":18}},"loc":{"start":{"line":55,"column":26},"end":{"line":55,"column":47}},"line":55},"6":{"name":"(anonymous_6)","decl":{"start":{"line":62,"column":6},"end":{"line":62,"column":18}},"loc":{"start":{"line":62,"column":26},"end":{"line":62,"column":49}},"line":62},"7":{"name":"(anonymous_7)","decl":{"start":{"line":68,"column":8},"end":{"line":68,"column":25}},"loc":{"start":{"line":68,"column":70},"end":{"line":72,"column":null}},"line":68},"8":{"name":"(anonymous_8)","decl":{"start":{"line":77,"column":18},"end":{"line":77,"column":22}},"loc":{"start":{"line":78,"column":10},"end":{"line":85,"column":null}},"line":78},"9":{"name":"(anonymous_9)","decl":{"start":{"line":106,"column":12},"end":{"line":106,"column":23}},"loc":{"start":{"line":106,"column":29},"end":{"line":106,"column":null}},"line":106}},"branchMap":{"0":{"loc":{"start":{"line":27,"column":4},"end":{"line":27,"column":null}},"type":"if","locations":[{"start":{"line":27,"column":4},"end":{"line":27,"column":null}},{"start":{},"end":{}}],"line":27},"1":{"loc":{"start":{"line":53,"column":17},"end":{"line":53,"column":null}},"type":"binary-expr","locations":[{"start":{"line":53,"column":17},"end":{"line":53,"column":32}},{"start":{"line":53,"column":32},"end":{"line":53,"column":null}}],"line":53},"2":{"loc":{"start":{"line":69,"column":4},"end":{"line":71,"column":null}},"type":"if","locations":[{"start":{"line":69,"column":4},"end":{"line":71,"column":null}},{"start":{},"end":{}}],"line":69},"3":{"loc":{"start":{"line":78,"column":53},"end":{"line":78,"column":null}},"type":"cond-expr","locations":[{"start":{"line":78,"column":75},"end":{"line":78,"column":96}},{"start":{"line":78,"column":96},"end":{"line":78,"column":null}}],"line":78},"4":{"loc":{"start":{"line":79,"column":94},"end":{"line":79,"column":null}},"type":"cond-expr","locations":[{"start":{"line":79,"column":116},"end":{"line":79,"column":132}},{"start":{"line":79,"column":132},"end":{"line":79,"column":null}}],"line":79},"5":{"loc":{"start":{"line":80,"column":15},"end":{"line":80,"column":null}},"type":"cond-expr","locations":[{"start":{"line":80,"column":37},"end":{"line":80,"column":59}},{"start":{"line":80,"column":58},"end":{"line":80,"column":null}}],"line":80},"6":{"loc":{"start":{"line":82,"column":66},"end":{"line":82,"column":null}},"type":"cond-expr","locations":[{"start":{"line":82,"column":88},"end":{"line":82,"column":163}},{"start":{"line":82,"column":163},"end":{"line":82,"column":null}}],"line":82},"7":{"loc":{"start":{"line":87,"column":9},"end":{"line":96,"column":null}},"type":"binary-expr","locations":[{"start":{"line":87,"column":9},"end":{"line":87,"column":null}},{"start":{"line":88,"column":10},"end":{"line":96,"column":null}}],"line":87},"8":{"loc":{"start":{"line":113,"column":22},"end":{"line":113,"column":null}},"type":"binary-expr","locations":[{"start":{"line":113,"column":22},"end":{"line":113,"column":35}},{"start":{"line":113,"column":35},"end":{"line":113,"column":null}}],"line":113}},"s":{"0":1,"1":1,"2":1,"3":1,"4":1,"5":1,"6":1,"7":1,"8":1,"9":1,"10":0,"11":0,"12":0,"13":0,"14":0,"15":0,"16":0,"17":0,"18":0,"19":0,"20":0,"21":0,"22":0,"23":0,"24":0,"25":0,"26":0,"27":1,"28":0,"29":0,"30":1,"31":1,"32":0},"f":{"0":1,"1":1,"2":1,"3":0,"4":0,"5":0,"6":0,"7":0,"8":1,"9":0},"b":{"0":[0,0],"1":[0,0],"2":[0,0],"3":[0,1],"4":[0,1],"5":[0,1],"6":[0,1],"7":[1,0],"8":[1,1]},"meta":{"lastBranch":9,"lastFunction":10,"lastStatement":33,"seen":{"s:10:13:122:Infinity":0,"f:10:13:10:44":0,"s:11:19:13:Infinity":1,"s:14:16:14:Infinity":2,"s:15:20:15:Infinity":3,"s:16:8:16:Infinity":4,"s:18:8:20:Infinity":5,"f:18:8:18:31":1,"s:19:4:19:Infinity":6,"s:22:2:24:Infinity":7,"f:22:2:22:18":2,"s:23:4:23:Infinity":8,"s:26:21:66:Infinity":9,"f:26:21:26:33":3,"b:27:4:27:Infinity:undefined:undefined:undefined:undefined":0,"s:27:4:27:Infinity":10,"s:27:23:27:Infinity":11,"s:29:33:33:Infinity":12,"s:35:4:35:Infinity":13,"f:35:4:35:16":4,"s:35:24:35:46":14,"s:36:4:36:Infinity":15,"s:37:4:37:Infinity":16,"s:39:4:65:Infinity":17,"s:40:23:46:Infinity":18,"s:48:19:48:Infinity":19,"s:50:34:54:Infinity":20,"b:53:17:53:32:53:32:53:Infinity":1,"s:55:6:55:Infinity":21,"f:55:6:55:18":5,"s:55:26:55:47":22,"s:57:36:61:Infinity":23,"s:62:6:62:Infinity":24,"f:62:6:62:18":6,"s:62:26:62:49":25,"s:64:6:64:Infinity":26,"s:68:8:72:Infinity":27,"f:68:8:68:25":7,"b:69:4:71:Infinity:undefined:undefined:undefined:undefined":2,"s:69:4:71:Infinity":28,"s:70:6:70:Infinity":29,"s:74:2:120:Infinity":30,"f:77:18:77:22":8,"s:78:10:85:Infinity":31,"b:78:75:78:96:78:96:78:Infinity":3,"b:79:116:79:132:79:132:79:Infinity":4,"b:80:37:80:59:80:58:80:Infinity":5,"b:82:88:82:163:82:163:82:Infinity":6,"b:87:9:87:Infinity:88:10:96:Infinity":7,"f:106:12:106:23":9,"s:106:29:106:Infinity":32,"b:113:22:113:35:113:35:113:Infinity":8}}}
,"D:\\antigravity\\Eureka\\Actividad1\\frontend\\src\\components\\dashboard\\DatasetSummary.tsx": {"path":"D:\\antigravity\\Eureka\\Actividad1\\frontend\\src\\components\\dashboard\\DatasetSummary.tsx","statementMap":{"0":{"start":{"line":14,"column":13},"end":{"line":51,"column":null}},"1":{"start":{"line":15,"column":2},"end":{"line":17,"column":null}},"2":{"start":{"line":16,"column":4},"end":{"line":16,"column":null}},"3":{"start":{"line":19,"column":2},"end":{"line":49,"column":null}}},"fnMap":{"0":{"name":"(anonymous_0)","decl":{"start":{"line":14,"column":13},"end":{"line":14,"column":62}},"loc":{"start":{"line":14,"column":78},"end":{"line":51,"column":null}},"line":14}},"branchMap":{"0":{"loc":{"start":{"line":15,"column":2},"end":{"line":17,"column":null}},"type":"if","locations":[{"start":{"line":15,"column":2},"end":{"line":17,"column":null}},{"start":{},"end":{}}],"line":15},"1":{"loc":{"start":{"line":15,"column":6},"end":{"line":15,"column":53}},"type":"binary-expr","locations":[{"start":{"line":15,"column":6},"end":{"line":15,"column":18}},{"start":{"line":15,"column":18},"end":{"line":15,"column":53}}],"line":15},"2":{"loc":{"start":{"line":41,"column":100},"end":{"line":41,"column":137}},"type":"binary-expr","locations":[{"start":{"line":41,"column":100},"end":{"line":41,"column":128}},{"start":{"line":41,"column":128},"end":{"line":41,"column":137}}],"line":41}},"s":{"0":1,"1":1,"2":1,"3":0},"f":{"0":1},"b":{"0":[1,0],"1":[1,1],"2":[0,0]},"meta":{"lastBranch":3,"lastFunction":1,"lastStatement":4,"seen":{"s:14:13:51:Infinity":0,"f:14:13:14:62":0,"b:15:2:17:Infinity:undefined:undefined:undefined:undefined":0,"s:15:2:17:Infinity":1,"b:15:6:15:18:15:18:15:53":1,"s:16:4:16:Infinity":2,"s:19:2:49:Infinity":3,"b:41:100:41:128:41:128:41:137":2}}}
,"D:\\antigravity\\Eureka\\Actividad1\\frontend\\src\\components\\dashboard\\KeyDiscoveries.tsx": {"path":"D:\\antigravity\\Eureka\\Actividad1\\frontend\\src\\components\\dashboard\\KeyDiscoveries.tsx","statementMap":{"0":{"start":{"line":20,"column":13},"end":{"line":152,"column":null}},"1":{"start":{"line":21,"column":2},"end":{"line":27,"column":null}},"2":{"start":{"line":22,"column":4},"end":{"line":25,"column":null}},"3":{"start":{"line":29,"column":8},"end":{"line":64,"column":null}},"4":{"start":{"line":30,"column":4},"end":{"line":63,"column":null}},"5":{"start":{"line":32,"column":8},"end":{"line":38,"column":null}},"6":{"start":{"line":40,"column":8},"end":{"line":46,"column":null}},"7":{"start":{"line":48,"column":8},"end":{"line":54,"column":null}},"8":{"start":{"line":56,"column":8},"end":{"line":62,"column":null}},"9":{"start":{"line":66,"column":2},"end":{"line":150,"column":null}},"10":{"start":{"line":81,"column":25},"end":{"line":81,"column":null}},"11":{"start":{"line":82,"column":23},"end":{"line":82,"column":null}},"12":{"start":{"line":84,"column":10},"end":{"line":146,"column":null}}},"fnMap":{"0":{"name":"(anonymous_0)","decl":{"start":{"line":20,"column":13},"end":{"line":20,"column":62}},"loc":{"start":{"line":20,"column":82},"end":{"line":152,"column":null}},"line":20},"1":{"name":"(anonymous_1)","decl":{"start":{"line":29,"column":8},"end":{"line":29,"column":25}},"loc":{"start":{"line":29,"column":43},"end":{"line":64,"column":null}},"line":29},"2":{"name":"(anonymous_2)","decl":{"start":{"line":80,"column":21},"end":{"line":80,"column":26}},"loc":{"start":{"line":80,"column":38},"end":{"line":148,"column":9}},"line":80}},"branchMap":{"0":{"loc":{"start":{"line":21,"column":2},"end":{"line":27,"column":null}},"type":"if","locations":[{"start":{"line":21,"column":2},"end":{"line":27,"column":null}},{"start":{},"end":{}}],"line":21},"1":{"loc":{"start":{"line":21,"column":6},"end":{"line":21,"column":48}},"type":"binary-expr","locations":[{"start":{"line":21,"column":6},"end":{"line":21,"column":22}},{"start":{"line":21,"column":22},"end":{"line":21,"column":48}}],"line":21},"2":{"loc":{"start":{"line":30,"column":4},"end":{"line":63,"column":null}},"type":"switch","locations":[{"start":{"line":31,"column":6},"end":{"line":38,"column":null}},{"start":{"line":39,"column":6},"end":{"line":46,"column":null}},{"start":{"line":47,"column":6},"end":{"line":54,"column":null}},{"start":{"line":55,"column":6},"end":{"line":62,"column":null}}],"line":30}},"s":{"0":1,"1":1,"2":1,"3":0,"4":0,"5":0,"6":0,"7":0,"8":0,"9":0,"10":0,"11":0,"12":0},"f":{"0":1,"1":0,"2":0},"b":{"0":[1,0],"1":[1,1],"2":[0,0,0,0]},"meta":{"lastBranch":3,"lastFunction":3,"lastStatement":13,"seen":{"s:20:13:152:Infinity":0,"f:20:13:20:62":0,"b:21:2:27:Infinity:undefined:undefined:undefined:undefined":0,"s:21:2:27:Infinity":1,"b:21:6:21:22:21:22:21:48":1,"s:22:4:25:Infinity":2,"s:29:8:64:Infinity":3,"f:29:8:29:25":1,"b:31:6:38:Infinity:39:6:46:Infinity:47:6:54:Infinity:55:6:62:Infinity":2,"s:30:4:63:Infinity":4,"s:32:8:38:Infinity":5,"s:40:8:46:Infinity":6,"s:48:8:54:Infinity":7,"s:56:8:62:Infinity":8,"s:66:2:150:Infinity":9,"f:80:21:80:26":2,"s:81:25:81:Infinity":10,"s:82:23:82:Infinity":11,"s:84:10:146:Infinity":12}}}
,"D:\\antigravity\\Eureka\\Actividad1\\frontend\\src\\components\\graph\\ForceDirectedGraph.tsx": {"path":"D:\\antigravity\\Eureka\\Actividad1\\frontend\\src\\components\\graph\\ForceDirectedGraph.tsx","statementMap":{"0":{"start":{"line":11,"column":13},"end":{"line":190,"column":null}},"1":{"start":{"line":12,"column":8},"end":{"line":12,"column":null}},"2":{"start":{"line":13,"column":45},"end":{"line":13,"column":null}},"3":{"start":{"line":15,"column":8},"end":{"line":18,"column":null}},"4":{"start":{"line":16,"column":4},"end":{"line":16,"column":null}},"5":{"start":{"line":20,"column":2},"end":{"line":187,"column":null}},"6":{"start":{"line":21,"column":4},"end":{"line":21,"column":null}},"7":{"start":{"line":21,"column":53},"end":{"line":21,"column":null}},"8":{"start":{"line":23,"column":18},"end":{"line":23,"column":null}},"9":{"start":{"line":24,"column":19},"end":{"line":24,"column":null}},"10":{"start":{"line":26,"column":29},"end":{"line":26,"column":null}},"11":{"start":{"line":27,"column":29},"end":{"line":27,"column":null}},"12":{"start":{"line":29,"column":24},"end":{"line":29,"column":null}},"13":{"start":{"line":30,"column":25},"end":{"line":30,"column":null}},"14":{"start":{"line":30,"column":54},"end":{"line":30,"column":58}},"15":{"start":{"line":31,"column":24},"end":{"line":31,"column":null}},"16":{"start":{"line":31,"column":42},"end":{"line":31,"column":98}},"17":{"start":{"line":34,"column":4},"end":{"line":34,"column":null}},"18":{"start":{"line":37,"column":4},"end":{"line":42,"column":null}},"19":{"start":{"line":38,"column":25},"end":{"line":38,"column":null}},"20":{"start":{"line":39,"column":6},"end":{"line":39,"column":null}},"21":{"start":{"line":40,"column":6},"end":{"line":40,"column":null}},"22":{"start":{"line":41,"column":6},"end":{"line":41,"column":null}},"23":{"start":{"line":44,"column":16},"end":{"line":47,"column":null}},"24":{"start":{"line":49,"column":14},"end":{"line":49,"column":null}},"25":{"start":{"line":51,"column":4},"end":{"line":53,"column":null}},"26":{"start":{"line":52,"column":6},"end":{"line":52,"column":null}},"27":{"start":{"line":56,"column":24},"end":{"line":56,"column":null}},"28":{"start":{"line":56,"column":46},"end":{"line":56,"column":91}},"29":{"start":{"line":59,"column":23},"end":{"line":63,"column":null}},"30":{"start":{"line":60,"column":62},"end":{"line":60,"column":66}},"31":{"start":{"line":66,"column":17},"end":{"line":66,"column":null}},"32":{"start":{"line":67,"column":19},"end":{"line":67,"column":null}},"33":{"start":{"line":68,"column":4},"end":{"line":68,"column":null}},"34":{"start":{"line":69,"column":20},"end":{"line":69,"column":null}},"35":{"start":{"line":70,"column":4},"end":{"line":70,"column":null}},"36":{"start":{"line":71,"column":4},"end":{"line":71,"column":null}},"37":{"start":{"line":74,"column":17},"end":{"line":80,"column":null}},"38":{"start":{"line":83,"column":17},"end":{"line":119,"column":null}},"39":{"start":{"line":89,"column":26},"end":{"line":89,"column":null}},"40":{"start":{"line":90,"column":18},"end":{"line":90,"column":null}},"41":{"start":{"line":91,"column":8},"end":{"line":91,"column":null}},"42":{"start":{"line":94,"column":8},"end":{"line":94,"column":null}},"43":{"start":{"line":94,"column":35},"end":{"line":94,"column":null}},"44":{"start":{"line":95,"column":8},"end":{"line":95,"column":null}},"45":{"start":{"line":95,"column":44},"end":{"line":95,"column":null}},"46":{"start":{"line":96,"column":8},"end":{"line":96,"column":null}},"47":{"start":{"line":96,"column":45},"end":{"line":96,"column":null}},"48":{"start":{"line":97,"column":8},"end":{"line":97,"column":null}},"49":{"start":{"line":97,"column":43},"end":{"line":97,"column":null}},"50":{"start":{"line":98,"column":8},"end":{"line":98,"column":null}},"51":{"start":{"line":101,"column":8},"end":{"line":101,"column":null}},"52":{"start":{"line":105,"column":27},"end":{"line":105,"column":null}},"53":{"start":{"line":106,"column":8},"end":{"line":106,"column":null}},"54":{"start":{"line":110,"column":8},"end":{"line":110,"column":null}},"55":{"start":{"line":110,"column":32},"end":{"line":110,"column":null}},"56":{"start":{"line":111,"column":27},"end":{"line":111,"column":null}},"57":{"start":{"line":112,"column":8},"end":{"line":112,"column":null}},"58":{"start":{"line":121,"column":4},"end":{"line":125,"column":null}},"59":{"start":{"line":122,"column":6},"end":{"line":122,"column":null}},"60":{"start":{"line":123,"column":6},"end":{"line":123,"column":null}},"61":{"start":{"line":123,"column":40},"end":{"line":123,"column":null}},"62":{"start":{"line":124,"column":6},"end":{"line":124,"column":null}},"63":{"start":{"line":124,"column":30},"end":{"line":124,"column":null}},"64":{"start":{"line":127,"column":4},"end":{"line":129,"column":null}},"65":{"start":{"line":128,"column":6},"end":{"line":128,"column":null}},"66":{"start":{"line":132,"column":19},"end":{"line":140,"column":null}},"67":{"start":{"line":136,"column":24},"end":{"line":136,"column":88}},"68":{"start":{"line":143,"column":4},"end":{"line":149,"column":null}},"69":{"start":{"line":145,"column":21},"end":{"line":145,"column":null}},"70":{"start":{"line":146,"column":14},"end":{"line":146,"column":null}},"71":{"start":{"line":147,"column":14},"end":{"line":147,"column":null}},"72":{"start":{"line":148,"column":8},"end":{"line":148,"column":null}},"73":{"start":{"line":151,"column":4},"end":{"line":165,"column":null}},"74":{"start":{"line":152,"column":6},"end":{"line":156,"column":null}},"75":{"start":{"line":153,"column":32},"end":{"line":153,"column":42}},"76":{"start":{"line":154,"column":32},"end":{"line":154,"column":42}},"77":{"start":{"line":155,"column":32},"end":{"line":155,"column":42}},"78":{"start":{"line":156,"column":32},"end":{"line":156,"column":42}},"79":{"start":{"line":158,"column":6},"end":{"line":160,"column":null}},"80":{"start":{"line":159,"column":32},"end":{"line":159,"column":35}},"81":{"start":{"line":160,"column":32},"end":{"line":160,"column":35}},"82":{"start":{"line":162,"column":6},"end":{"line":164,"column":null}},"83":{"start":{"line":163,"column":31},"end":{"line":163,"column":34}},"84":{"start":{"line":164,"column":31},"end":{"line":164,"column":34}},"85":{"start":{"line":168,"column":6},"end":{"line":168,"column":null}},"86":{"start":{"line":168,"column":25},"end":{"line":168,"column":null}},"87":{"start":{"line":169,"column":6},"end":{"line":169,"column":null}},"88":{"start":{"line":170,"column":6},"end":{"line":170,"column":null}},"89":{"start":{"line":174,"column":6},"end":{"line":174,"column":null}},"90":{"start":{"line":175,"column":6},"end":{"line":175,"column":null}},"91":{"start":{"line":179,"column":6},"end":{"line":179,"column":null}},"92":{"start":{"line":179,"column":25},"end":{"line":179,"column":null}},"93":{"start":{"line":180,"column":6},"end":{"line":180,"column":null}},"94":{"start":{"line":181,"column":6},"end":{"line":181,"column":null}},"95":{"start":{"line":184,"column":4},"end":{"line":186,"column":null}},"96":{"start":{"line":185,"column":6},"end":{"line":185,"column":null}},"97":{"start":{"line":189,"column":2},"end":{"line":189,"column":null}}},"fnMap":{"0":{"name":"(anonymous_0)","decl":{"start":{"line":11,"column":13},"end":{"line":11,"column":35}},"loc":{"start":{"line":11,"column":81},"end":{"line":190,"column":null}},"line":11},"1":{"name":"(anonymous_1)","decl":{"start":{"line":15,"column":8},"end":{"line":15,"column":24}},"loc":{"start":{"line":15,"column":38},"end":{"line":18,"column":null}},"line":15},"2":{"name":"(anonymous_2)","decl":{"start":{"line":20,"column":2},"end":{"line":20,"column":18}},"loc":{"start":{"line":20,"column":18},"end":{"line":187,"column":5}},"line":20},"3":{"name":"(anonymous_3)","decl":{"start":{"line":30,"column":45},"end":{"line":30,"column":49}},"loc":{"start":{"line":30,"column":54},"end":{"line":30,"column":58}},"line":30},"4":{"name":"(anonymous_4)","decl":{"start":{"line":31,"column":30},"end":{"line":31,"column":37}},"loc":{"start":{"line":31,"column":42},"end":{"line":31,"column":98}},"line":31},"5":{"name":"(anonymous_5)","decl":{"start":{"line":51,"column":50},"end":{"line":51,"column":59}},"loc":{"start":{"line":51,"column":69},"end":{"line":53,"column":5}},"line":51},"6":{"name":"(anonymous_6)","decl":{"start":{"line":56,"column":36},"end":{"line":56,"column":40}},"loc":{"start":{"line":56,"column":46},"end":{"line":56,"column":91}},"line":56},"7":{"name":"(anonymous_7)","decl":{"start":{"line":60,"column":47},"end":{"line":60,"column":51}},"loc":{"start":{"line":60,"column":62},"end":{"line":60,"column":66}},"line":60},"8":{"name":"(anonymous_8)","decl":{"start":{"line":87,"column":12},"end":{"line":87,"column":18}},"loc":{"start":{"line":87,"column":29},"end":{"line":92,"column":7}},"line":87},"9":{"name":"(anonymous_9)","decl":{"start":{"line":93,"column":12},"end":{"line":93,"column":21}},"loc":{"start":{"line":93,"column":32},"end":{"line":99,"column":7}},"line":93},"10":{"name":"(anonymous_10)","decl":{"start":{"line":100,"column":12},"end":{"line":100,"column":23}},"loc":{"start":{"line":100,"column":34},"end":{"line":102,"column":7}},"line":100},"11":{"name":"(anonymous_11)","decl":{"start":{"line":103,"column":12},"end":{"line":103,"column":29}},"loc":{"start":{"line":103,"column":40},"end":{"line":107,"column":7}},"line":103},"12":{"name":"(anonymous_12)","decl":{"start":{"line":109,"column":12},"end":{"line":109,"column":23}},"loc":{"start":{"line":109,"column":34},"end":{"line":113,"column":7}},"line":109},"13":{"name":"(anonymous_13)","decl":{"start":{"line":121,"column":12},"end":{"line":121,"column":22}},"loc":{"start":{"line":121,"column":35},"end":{"line":125,"column":5}},"line":121},"14":{"name":"(anonymous_14)","decl":{"start":{"line":127,"column":12},"end":{"line":127,"column":25}},"loc":{"start":{"line":127,"column":38},"end":{"line":129,"column":5}},"line":127},"15":{"name":"(anonymous_15)","decl":{"start":{"line":136,"column":7},"end":{"line":136,"column":13}},"loc":{"start":{"line":136,"column":24},"end":{"line":136,"column":88}},"line":136},"16":{"name":"(anonymous_16)","decl":{"start":{"line":144,"column":7},"end":{"line":144,"column":13}},"loc":{"start":{"line":144,"column":24},"end":{"line":149,"column":7}},"line":144},"17":{"name":"(anonymous_17)","decl":{"start":{"line":151,"column":18},"end":{"line":151,"column":32}},"loc":{"start":{"line":151,"column":32},"end":{"line":165,"column":5}},"line":151},"18":{"name":"(anonymous_18)","decl":{"start":{"line":153,"column":14},"end":{"line":153,"column":21}},"loc":{"start":{"line":153,"column":32},"end":{"line":153,"column":42}},"line":153},"19":{"name":"(anonymous_19)","decl":{"start":{"line":154,"column":14},"end":{"line":154,"column":21}},"loc":{"start":{"line":154,"column":32},"end":{"line":154,"column":42}},"line":154},"20":{"name":"(anonymous_20)","decl":{"start":{"line":155,"column":14},"end":{"line":155,"column":21}},"loc":{"start":{"line":155,"column":32},"end":{"line":155,"column":42}},"line":155},"21":{"name":"(anonymous_21)","decl":{"start":{"line":156,"column":14},"end":{"line":156,"column":21}},"loc":{"start":{"line":156,"column":32},"end":{"line":156,"column":42}},"line":156},"22":{"name":"(anonymous_22)","decl":{"start":{"line":159,"column":14},"end":{"line":159,"column":21}},"loc":{"start":{"line":159,"column":32},"end":{"line":159,"column":35}},"line":159},"23":{"name":"(anonymous_23)","decl":{"start":{"line":160,"column":14},"end":{"line":160,"column":21}},"loc":{"start":{"line":160,"column":32},"end":{"line":160,"column":35}},"line":160},"24":{"name":"(anonymous_24)","decl":{"start":{"line":163,"column":14},"end":{"line":163,"column":20}},"loc":{"start":{"line":163,"column":31},"end":{"line":163,"column":34}},"line":163},"25":{"name":"(anonymous_25)","decl":{"start":{"line":164,"column":14},"end":{"line":164,"column":20}},"loc":{"start":{"line":164,"column":31},"end":{"line":164,"column":34}},"line":164},"26":{"name":"dragstarted","decl":{"start":{"line":167,"column":13},"end":{"line":167,"column":25}},"loc":{"start":{"line":167,"column":37},"end":{"line":171,"column":null}},"line":167},"27":{"name":"dragged","decl":{"start":{"line":173,"column":13},"end":{"line":173,"column":21}},"loc":{"start":{"line":173,"column":33},"end":{"line":176,"column":null}},"line":173},"28":{"name":"dragended","decl":{"start":{"line":178,"column":13},"end":{"line":178,"column":23}},"loc":{"start":{"line":178,"column":35},"end":{"line":182,"column":null}},"line":178},"29":{"name":"(anonymous_29)","decl":{"start":{"line":184,"column":4},"end":{"line":184,"column":17}},"loc":{"start":{"line":184,"column":17},"end":{"line":186,"column":null}},"line":184}},"branchMap":{"0":{"loc":{"start":{"line":21,"column":4},"end":{"line":21,"column":null}},"type":"if","locations":[{"start":{"line":21,"column":4},"end":{"line":21,"column":null}},{"start":{},"end":{}}],"line":21},"1":{"loc":{"start":{"line":21,"column":8},"end":{"line":21,"column":53}},"type":"binary-expr","locations":[{"start":{"line":21,"column":8},"end":{"line":21,"column":33}},{"start":{"line":21,"column":33},"end":{"line":21,"column":53}}],"line":21},"2":{"loc":{"start":{"line":31,"column":42},"end":{"line":31,"column":98}},"type":"binary-expr","locations":[{"start":{"line":31,"column":42},"end":{"line":31,"column":72}},{"start":{"line":31,"column":72},"end":{"line":31,"column":98}}],"line":31},"3":{"loc":{"start":{"line":37,"column":4},"end":{"line":42,"column":null}},"type":"if","locations":[{"start":{"line":37,"column":4},"end":{"line":42,"column":null}},{"start":{},"end":{}}],"line":37},"4":{"loc":{"start":{"line":89,"column":26},"end":{"line":89,"column":null}},"type":"binary-expr","locations":[{"start":{"line":89,"column":26},"end":{"line":89,"column":59}},{"start":{"line":89,"column":59},"end":{"line":89,"column":83}},{"start":{"line":89,"column":83},"end":{"line":89,"column":null}}],"line":89},"5":{"loc":{"start":{"line":94,"column":8},"end":{"line":94,"column":null}},"type":"if","locations":[{"start":{"line":94,"column":8},"end":{"line":94,"column":null}},{"start":{},"end":{}}],"line":94},"6":{"loc":{"start":{"line":95,"column":8},"end":{"line":95,"column":null}},"type":"if","locations":[{"start":{"line":95,"column":8},"end":{"line":95,"column":null}},{"start":{},"end":{}}],"line":95},"7":{"loc":{"start":{"line":96,"column":8},"end":{"line":96,"column":null}},"type":"if","locations":[{"start":{"line":96,"column":8},"end":{"line":96,"column":null}},{"start":{},"end":{}}],"line":96},"8":{"loc":{"start":{"line":97,"column":8},"end":{"line":97,"column":null}},"type":"if","locations":[{"start":{"line":97,"column":8},"end":{"line":97,"column":null}},{"start":{},"end":{}}],"line":97},"9":{"loc":{"start":{"line":105,"column":27},"end":{"line":105,"column":null}},"type":"binary-expr","locations":[{"start":{"line":105,"column":27},"end":{"line":105,"column":61}},{"start":{"line":105,"column":61},"end":{"line":105,"column":90}},{"start":{"line":105,"column":90},"end":{"line":105,"column":null}}],"line":105},"10":{"loc":{"start":{"line":110,"column":8},"end":{"line":110,"column":null}},"type":"if","locations":[{"start":{"line":110,"column":8},"end":{"line":110,"column":null}},{"start":{},"end":{}}],"line":110},"11":{"loc":{"start":{"line":111,"column":27},"end":{"line":111,"column":null}},"type":"binary-expr","locations":[{"start":{"line":111,"column":27},"end":{"line":111,"column":61}},{"start":{"line":111,"column":61},"end":{"line":111,"column":90}},{"start":{"line":111,"column":90},"end":{"line":111,"column":null}}],"line":111},"12":{"loc":{"start":{"line":112,"column":15},"end":{"line":112,"column":null}},"type":"cond-expr","locations":[{"start":{"line":112,"column":34},"end":{"line":112,"column":49}},{"start":{"line":112,"column":49},"end":{"line":112,"column":null}}],"line":112},"13":{"loc":{"start":{"line":123,"column":6},"end":{"line":123,"column":null}},"type":"if","locations":[{"start":{"line":123,"column":6},"end":{"line":123,"column":null}},{"start":{},"end":{}}],"line":123},"14":{"loc":{"start":{"line":124,"column":6},"end":{"line":124,"column":null}},"type":"if","locations":[{"start":{"line":124,"column":6},"end":{"line":124,"column":null}},{"start":{},"end":{}}],"line":124},"15":{"loc":{"start":{"line":136,"column":24},"end":{"line":136,"column":88}},"type":"binary-expr","locations":[{"start":{"line":136,"column":24},"end":{"line":136,"column":55}},{"start":{"line":136,"column":55},"end":{"line":136,"column":84}},{"start":{"line":136,"column":84},"end":{"line":136,"column":88}}],"line":136},"16":{"loc":{"start":{"line":145,"column":21},"end":{"line":145,"column":null}},"type":"binary-expr","locations":[{"start":{"line":145,"column":21},"end":{"line":145,"column":52}},{"start":{"line":145,"column":52},"end":{"line":145,"column":null}}],"line":145},"17":{"loc":{"start":{"line":146,"column":27},"end":{"line":146,"column":87}},"type":"binary-expr","locations":[{"start":{"line":146,"column":27},"end":{"line":146,"column":60}},{"start":{"line":146,"column":60},"end":{"line":146,"column":84}},{"start":{"line":146,"column":84},"end":{"line":146,"column":87}}],"line":146},"18":{"loc":{"start":{"line":147,"column":28},"end":{"line":147,"column":94}},"type":"binary-expr","locations":[{"start":{"line":147,"column":28},"end":{"line":147,"column":62}},{"start":{"line":147,"column":62},"end":{"line":147,"column":91}},{"start":{"line":147,"column":91},"end":{"line":147,"column":94}}],"line":147},"19":{"loc":{"start":{"line":168,"column":6},"end":{"line":168,"column":null}},"type":"if","locations":[{"start":{"line":168,"column":6},"end":{"line":168,"column":null}},{"start":{},"end":{}}],"line":168},"20":{"loc":{"start":{"line":179,"column":6},"end":{"line":179,"column":null}},"type":"if","locations":[{"start":{"line":179,"column":6},"end":{"line":179,"column":null}},{"start":{},"end":{}}],"line":179}},"s":{"0":1,"1":1,"2":1,"3":1,"4":0,"5":1,"6":1,"7":0,"8":1,"9":1,"10":1,"11":1,"12":1,"13":1,"14":1,"15":1,"16":1,"17":1,"18":1,"19":0,"20":0,"21":0,"22":0,"23":1,"24":1,"25":1,"26":0,"27":1,"28":0,"29":1,"30":0,"31":1,"32":1,"33":1,"34":1,"35":1,"36":1,"37":1,"38":1,"39":0,"40":0,"41":0,"42":0,"43":0,"44":0,"45":0,"46":0,"47":0,"48":0,"49":0,"50":0,"51":0,"52":0,"53":0,"54":0,"55":0,"56":0,"57":0,"58":1,"59":0,"60":0,"61":0,"62":0,"63":0,"64":1,"65":0,"66":1,"67":0,"68":1,"69":0,"70":0,"71":0,"72":0,"73":1,"74":0,"75":0,"76":0,"77":0,"78":0,"79":0,"80":0,"81":0,"82":0,"83":0,"84":0,"85":0,"86":0,"87":0,"88":0,"89":0,"90":0,"91":0,"92":0,"93":0,"94":0,"95":1,"96":1,"97":1},"f":{"0":1,"1":0,"2":1,"3":1,"4":1,"5":0,"6":0,"7":0,"8":0,"9":0,"10":0,"11":0,"12":0,"13":0,"14":0,"15":0,"16":0,"17":0,"18":0,"19":0,"20":0,"21":0,"22":0,"23":0,"24":0,"25":0,"26":0,"27":0,"28":0,"29":1},"b":{"0":[0,1],"1":[1,1],"2":[1,1],"3":[0,1],"4":[0,0,0],"5":[0,0],"6":[0,0],"7":[0,0],"8":[0,0],"9":[0,0,0],"10":[0,0],"11":[0,0,0],"12":[0,0],"13":[0,0],"14":[0,0],"15":[0,0,0],"16":[0,0],"17":[0,0,0],"18":[0,0,0],"19":[0,0],"20":[0,0]},"meta":{"lastBranch":21,"lastFunction":30,"lastStatement":98,"seen":{"s:11:13:190:Infinity":0,"f:11:13:11:35":0,"s:12:8:12:Infinity":1,"s:13:45:13:Infinity":2,"s:15:8:18:Infinity":3,"f:15:8:15:24":1,"s:16:4:16:Infinity":4,"s:20:2:187:Infinity":5,"f:20:2:20:18":2,"b:21:4:21:Infinity:undefined:undefined:undefined:undefined":0,"s:21:4:21:Infinity":6,"b:21:8:21:33:21:33:21:53":1,"s:21:53:21:Infinity":7,"s:23:18:23:Infinity":8,"s:24:19:24:Infinity":9,"s:26:29:26:Infinity":10,"s:27:29:27:Infinity":11,"s:29:24:29:Infinity":12,"s:30:25:30:Infinity":13,"f:30:45:30:49":3,"s:30:54:30:58":14,"s:31:24:31:Infinity":15,"f:31:30:31:37":4,"s:31:42:31:98":16,"b:31:42:31:72:31:72:31:98":2,"s:34:4:34:Infinity":17,"b:37:4:42:Infinity:undefined:undefined:undefined:undefined":3,"s:37:4:42:Infinity":18,"s:38:25:38:Infinity":19,"s:39:6:39:Infinity":20,"s:40:6:40:Infinity":21,"s:41:6:41:Infinity":22,"s:44:16:47:Infinity":23,"s:49:14:49:Infinity":24,"s:51:4:53:Infinity":25,"f:51:50:51:59":5,"s:52:6:52:Infinity":26,"s:56:24:56:Infinity":27,"f:56:36:56:40":6,"s:56:46:56:91":28,"s:59:23:63:Infinity":29,"f:60:47:60:51":7,"s:60:62:60:66":30,"s:66:17:66:Infinity":31,"s:67:19:67:Infinity":32,"s:68:4:68:Infinity":33,"s:69:20:69:Infinity":34,"s:70:4:70:Infinity":35,"s:71:4:71:Infinity":36,"s:74:17:80:Infinity":37,"s:83:17:119:Infinity":38,"f:87:12:87:18":8,"s:89:26:89:Infinity":39,"b:89:26:89:59:89:59:89:83:89:83:89:Infinity":4,"s:90:18:90:Infinity":40,"s:91:8:91:Infinity":41,"f:93:12:93:21":9,"b:94:8:94:Infinity:undefined:undefined:undefined:undefined":5,"s:94:8:94:Infinity":42,"s:94:35:94:Infinity":43,"b:95:8:95:Infinity:undefined:undefined:undefined:undefined":6,"s:95:8:95:Infinity":44,"s:95:44:95:Infinity":45,"b:96:8:96:Infinity:undefined:undefined:undefined:undefined":7,"s:96:8:96:Infinity":46,"s:96:45:96:Infinity":47,"b:97:8:97:Infinity:undefined:undefined:undefined:undefined":8,"s:97:8:97:Infinity":48,"s:97:43:97:Infinity":49,"s:98:8:98:Infinity":50,"f:100:12:100:23":10,"s:101:8:101:Infinity":51,"f:103:12:103:29":11,"s:105:27:105:Infinity":52,"b:105:27:105:61:105:61:105:90:105:90:105:Infinity":9,"s:106:8:106:Infinity":53,"f:109:12:109:23":12,"b:110:8:110:Infinity:undefined:undefined:undefined:undefined":10,"s:110:8:110:Infinity":54,"s:110:32:110:Infinity":55,"s:111:27:111:Infinity":56,"b:111:27:111:61:111:61:111:90:111:90:111:Infinity":11,"s:112:8:112:Infinity":57,"b:112:34:112:49:112:49:112:Infinity":12,"s:121:4:125:Infinity":58,"f:121:12:121:22":13,"s:122:6:122:Infinity":59,"b:123:6:123:Infinity:undefined:undefined:undefined:undefined":13,"s:123:6:123:Infinity":60,"s:123:40:123:Infinity":61,"b:124:6:124:Infinity:undefined:undefined:undefined:undefined":14,"s:124:6:124:Infinity":62,"s:124:30:124:Infinity":63,"s:127:4:129:Infinity":64,"f:127:12:127:25":14,"s:128:6:128:Infinity":65,"s:132:19:140:Infinity":66,"f:136:7:136:13":15,"s:136:24:136:88":67,"b:136:24:136:55:136:55:136:84:136:84:136:88":15,"s:143:4:149:Infinity":68,"f:144:7:144:13":16,"s:145:21:145:Infinity":69,"b:145:21:145:52:145:52:145:Infinity":16,"s:146:14:146:Infinity":70,"b:146:27:146:60:146:60:146:84:146:84:146:87":17,"s:147:14:147:Infinity":71,"b:147:28:147:62:147:62:147:91:147:91:147:94":18,"s:148:8:148:Infinity":72,"s:151:4:165:Infinity":73,"f:151:18:151:32":17,"s:152:6:156:Infinity":74,"f:153:14:153:21":18,"s:153:32:153:42":75,"f:154:14:154:21":19,"s:154:32:154:42":76,"f:155:14:155:21":20,"s:155:32:155:42":77,"f:156:14:156:21":21,"s:156:32:156:42":78,"s:158:6:160:Infinity":79,"f:159:14:159:21":22,"s:159:32:159:35":80,"f:160:14:160:21":23,"s:160:32:160:35":81,"s:162:6:164:Infinity":82,"f:163:14:163:20":24,"s:163:31:163:34":83,"f:164:14:164:20":25,"s:164:31:164:34":84,"f:167:13:167:25":26,"b:168:6:168:Infinity:undefined:undefined:undefined:undefined":19,"s:168:6:168:Infinity":85,"s:168:25:168:Infinity":86,"s:169:6:169:Infinity":87,"s:170:6:170:Infinity":88,"f:173:13:173:21":27,"s:174:6:174:Infinity":89,"s:175:6:175:Infinity":90,"f:178:13:178:23":28,"b:179:6:179:Infinity:undefined:undefined:undefined:undefined":20,"s:179:6:179:Infinity":91,"s:179:25:179:Infinity":92,"s:180:6:180:Infinity":93,"s:181:6:181:Infinity":94,"s:184:4:186:Infinity":95,"f:184:4:184:17":29,"s:185:6:185:Infinity":96,"s:189:2:189:Infinity":97}}}
,"D:\\antigravity\\Eureka\\Actividad1\\frontend\\src\\components\\graph\\KnowledgeGraph.tsx": {"path":"D:\\antigravity\\Eureka\\Actividad1\\frontend\\src\\components\\graph\\KnowledgeGraph.tsx","statementMap":{"0":{"start":{"line":7,"column":13},"end":{"line":79,"column":null}},"1":{"start":{"line":8,"column":16},"end":{"line":8,"column":null}},"2":{"start":{"line":9,"column":16},"end":{"line":9,"column":null}},"3":{"start":{"line":10,"column":16},"end":{"line":10,"column":null}},"4":{"start":{"line":11,"column":18},"end":{"line":11,"column":null}},"5":{"start":{"line":13,"column":2},"end":{"line":55,"column":null}},"6":{"start":{"line":14,"column":4},"end":{"line":14,"column":null}},"7":{"start":{"line":14,"column":20},"end":{"line":14,"column":null}},"8":{"start":{"line":16,"column":23},"end":{"line":52,"column":null}},"9":{"start":{"line":17,"column":6},"end":{"line":17,"column":null}},"10":{"start":{"line":18,"column":23},"end":{"line":18,"column":null}},"11":{"start":{"line":19,"column":23},"end":{"line":19,"column":null}},"12":{"start":{"line":22,"column":28},"end":{"line":22,"column":null}},"13":{"start":{"line":24,"column":6},"end":{"line":47,"column":null}},"14":{"start":{"line":25,"column":8},"end":{"line":46,"column":null}},"15":{"start":{"line":26,"column":24},"end":{"line":26,"column":null}},"16":{"start":{"line":28,"column":16},"end":{"line":39,"column":null}},"17":{"start":{"line":29,"column":12},"end":{"line":35,"column":null}},"18":{"start":{"line":30,"column":14},"end":{"line":33,"column":null}},"19":{"start":{"line":32,"column":16},"end":{"line":32,"column":null}},"20":{"start":{"line":34,"column":14},"end":{"line":34,"column":null}},"21":{"start":{"line":36,"column":12},"end":{"line":38,"column":null}},"22":{"start":{"line":37,"column":14},"end":{"line":37,"column":null}},"23":{"start":{"line":41,"column":10},"end":{"line":41,"column":null}},"24":{"start":{"line":42,"column":10},"end":{"line":42,"column":null}},"25":{"start":{"line":43,"column":10},"end":{"line":43,"column":null}},"26":{"start":{"line":49,"column":6},"end":{"line":49,"column":null}},"27":{"start":{"line":50,"column":6},"end":{"line":50,"column":null}},"28":{"start":{"line":51,"column":6},"end":{"line":51,"column":null}},"29":{"start":{"line":54,"column":4},"end":{"line":54,"column":null}},"30":{"start":{"line":57,"column":8},"end":{"line":57,"column":null}},"31":{"start":{"line":57,"column":34},"end":{"line":57,"column":62}},"32":{"start":{"line":58,"column":8},"end":{"line":58,"column":null}},"33":{"start":{"line":58,"column":34},"end":{"line":58,"column":62}},"34":{"start":{"line":60,"column":2},"end":{"line":62,"column":null}},"35":{"start":{"line":61,"column":4},"end":{"line":61,"column":null}},"36":{"start":{"line":64,"column":2},"end":{"line":77,"column":null}}},"fnMap":{"0":{"name":"(anonymous_0)","decl":{"start":{"line":7,"column":13},"end":{"line":7,"column":36}},"loc":{"start":{"line":7,"column":36},"end":{"line":79,"column":null}},"line":7},"1":{"name":"(anonymous_1)","decl":{"start":{"line":13,"column":2},"end":{"line":13,"column":18}},"loc":{"start":{"line":13,"column":18},"end":{"line":55,"column":5}},"line":13},"2":{"name":"(anonymous_2)","decl":{"start":{"line":16,"column":23},"end":{"line":16,"column":35}},"loc":{"start":{"line":16,"column":35},"end":{"line":52,"column":null}},"line":16},"3":{"name":"(anonymous_3)","decl":{"start":{"line":28,"column":16},"end":{"line":28,"column":31}},"loc":{"start":{"line":28,"column":45},"end":{"line":39,"column":null}},"line":28},"4":{"name":"(anonymous_4)","decl":{"start":{"line":29,"column":23},"end":{"line":29,"column":32}},"loc":{"start":{"line":29,"column":49},"end":{"line":35,"column":13}},"line":29},"5":{"name":"(anonymous_5)","decl":{"start":{"line":36,"column":23},"end":{"line":36,"column":32}},"loc":{"start":{"line":36,"column":49},"end":{"line":38,"column":13}},"line":36},"6":{"name":"(anonymous_6)","decl":{"start":{"line":57,"column":20},"end":{"line":57,"column":34}},"loc":{"start":{"line":57,"column":34},"end":{"line":57,"column":62}},"line":57},"7":{"name":"(anonymous_7)","decl":{"start":{"line":58,"column":20},"end":{"line":58,"column":34}},"loc":{"start":{"line":58,"column":34},"end":{"line":58,"column":62}},"line":58}},"branchMap":{"0":{"loc":{"start":{"line":14,"column":4},"end":{"line":14,"column":null}},"type":"if","locations":[{"start":{"line":14,"column":4},"end":{"line":14,"column":null}},{"start":{},"end":{}}],"line":14},"1":{"loc":{"start":{"line":30,"column":14},"end":{"line":33,"column":null}},"type":"if","locations":[{"start":{"line":30,"column":14},"end":{"line":33,"column":null}},{"start":{},"end":{}}],"line":30},"2":{"loc":{"start":{"line":60,"column":2},"end":{"line":62,"column":null}},"type":"if","locations":[{"start":{"line":60,"column":2},"end":{"line":62,"column":null}},{"start":{},"end":{}}],"line":60}},"s":{"0":1,"1":3,"2":3,"3":3,"4":3,"5":3,"6":2,"7":0,"8":2,"9":2,"10":2,"11":2,"12":2,"13":2,"14":1,"15":1,"16":1,"17":0,"18":0,"19":0,"20":0,"21":0,"22":0,"23":1,"24":1,"25":1,"26":2,"27":2,"28":2,"29":2,"30":3,"31":3,"32":3,"33":3,"34":3,"35":2,"36":1},"f":{"0":3,"1":2,"2":2,"3":0,"4":0,"5":0,"6":3,"7":3},"b":{"0":[0,2],"1":[0,0],"2":[2,1]},"meta":{"lastBranch":3,"lastFunction":8,"lastStatement":37,"seen":{"s:7:13:79:Infinity":0,"f:7:13:7:36":0,"s:8:16:8:Infinity":1,"s:9:16:9:Infinity":2,"s:10:16:10:Infinity":3,"s:11:18:11:Infinity":4,"s:13:2:55:Infinity":5,"f:13:2:13:18":1,"b:14:4:14:Infinity:undefined:undefined:undefined:undefined":0,"s:14:4:14:Infinity":6,"s:14:20:14:Infinity":7,"s:16:23:52:Infinity":8,"f:16:23:16:35":2,"s:17:6:17:Infinity":9,"s:18:23:18:Infinity":10,"s:19:23:19:Infinity":11,"s:22:28:22:Infinity":12,"s:24:6:47:Infinity":13,"s:25:8:46:Infinity":14,"s:26:24:26:Infinity":15,"s:28:16:39:Infinity":16,"f:28:16:28:31":3,"s:29:12:35:Infinity":17,"f:29:23:29:32":4,"b:30:14:33:Infinity:undefined:undefined:undefined:undefined":1,"s:30:14:33:Infinity":18,"s:32:16:32:Infinity":19,"s:34:14:34:Infinity":20,"s:36:12:38:Infinity":21,"f:36:23:36:32":5,"s:37:14:37:Infinity":22,"s:41:10:41:Infinity":23,"s:42:10:42:Infinity":24,"s:43:10:43:Infinity":25,"s:49:6:49:Infinity":26,"s:50:6:50:Infinity":27,"s:51:6:51:Infinity":28,"s:54:4:54:Infinity":29,"s:57:8:57:Infinity":30,"f:57:20:57:34":6,"s:57:34:57:62":31,"s:58:8:58:Infinity":32,"f:58:20:58:34":7,"s:58:34:58:62":33,"b:60:2:62:Infinity:undefined:undefined:undefined:undefined":2,"s:60:2:62:Infinity":34,"s:61:4:61:Infinity":35,"s:64:2:77:Infinity":36}}}
,"D:\\antigravity\\Eureka\\Actividad1\\frontend\\src\\components\\graph\\NodeInspector.tsx": {"path":"D:\\antigravity\\Eureka\\Actividad1\\frontend\\src\\components\\graph\\NodeInspector.tsx","statementMap":{"0":{"start":{"line":4,"column":13},"end":{"line":98,"column":null}},"1":{"start":{"line":5,"column":24},"end":{"line":5,"column":null}},"2":{"start":{"line":7,"column":2},"end":{"line":7,"column":null}},"3":{"start":{"line":7,"column":21},"end":{"line":7,"column":null}},"4":{"start":{"line":10,"column":17},"end":{"line":10,"column":null}},"5":{"start":{"line":11,"column":20},"end":{"line":11,"column":null}},"6":{"start":{"line":12,"column":21},"end":{"line":12,"column":null}},"7":{"start":{"line":14,"column":19},"end":{"line":25,"column":null}},"8":{"start":{"line":27,"column":2},"end":{"line":96,"column":null}},"9":{"start":{"line":31,"column":31},"end":{"line":31,"column":54}},"10":{"start":{"line":90,"column":16},"end":{"line":90,"column":null}}},"fnMap":{"0":{"name":"(anonymous_0)","decl":{"start":{"line":4,"column":13},"end":{"line":4,"column":35}},"loc":{"start":{"line":4,"column":35},"end":{"line":98,"column":null}},"line":4},"1":{"name":"(anonymous_1)","decl":{"start":{"line":31,"column":16},"end":{"line":31,"column":31}},"loc":{"start":{"line":31,"column":31},"end":{"line":31,"column":54}},"line":31},"2":{"name":"(anonymous_2)","decl":{"start":{"line":89,"column":40},"end":{"line":89,"column":45}},"loc":{"start":{"line":90,"column":16},"end":{"line":90,"column":null}},"line":90}},"branchMap":{"0":{"loc":{"start":{"line":7,"column":2},"end":{"line":7,"column":null}},"type":"if","locations":[{"start":{"line":7,"column":2},"end":{"line":7,"column":null}},{"start":{},"end":{}}],"line":7},"1":{"loc":{"start":{"line":10,"column":17},"end":{"line":10,"column":null}},"type":"binary-expr","locations":[{"start":{"line":10,"column":17},"end":{"line":10,"column":37}},{"start":{"line":10,"column":37},"end":{"line":10,"column":null}}],"line":10},"2":{"loc":{"start":{"line":11,"column":20},"end":{"line":11,"column":null}},"type":"binary-expr","locations":[{"start":{"line":11,"column":20},"end":{"line":11,"column":43}},{"start":{"line":11,"column":43},"end":{"line":11,"column":null}}],"line":11},"3":{"loc":{"start":{"line":12,"column":21},"end":{"line":12,"column":null}},"type":"binary-expr","locations":[{"start":{"line":12,"column":21},"end":{"line":12,"column":49}},{"start":{"line":12,"column":49},"end":{"line":12,"column":null}}],"line":12},"4":{"loc":{"start":{"line":17,"column":17},"end":{"line":17,"column":null}},"type":"binary-expr","locations":[{"start":{"line":17,"column":17},"end":{"line":17,"column":60}},{"start":{"line":17,"column":60},"end":{"line":17,"column":95}},{"start":{"line":17,"column":95},"end":{"line":17,"column":null}}],"line":17},"5":{"loc":{"start":{"line":18,"column":16},"end":{"line":18,"column":null}},"type":"binary-expr","locations":[{"start":{"line":18,"column":16},"end":{"line":18,"column":58}},{"start":{"line":18,"column":58},"end":{"line":18,"column":null}}],"line":18},"6":{"loc":{"start":{"line":19,"column":21},"end":{"line":19,"column":44}},"type":"binary-expr","locations":[{"start":{"line":19,"column":21},"end":{"line":19,"column":42}},{"start":{"line":19,"column":42},"end":{"line":19,"column":44}}],"line":19},"7":{"loc":{"start":{"line":20,"column":13},"end":{"line":20,"column":null}},"type":"cond-expr","locations":[{"start":{"line":20,"column":49},"end":{"line":20,"column":58}},{"start":{"line":20,"column":58},"end":{"line":20,"column":null}}],"line":20},"8":{"loc":{"start":{"line":21,"column":16},"end":{"line":21,"column":null}},"type":"binary-expr","locations":[{"start":{"line":21,"column":16},"end":{"line":21,"column":48}},{"start":{"line":21,"column":48},"end":{"line":21,"column":null}}],"line":21},"9":{"loc":{"start":{"line":22,"column":12},"end":{"line":22,"column":null}},"type":"binary-expr","locations":[{"start":{"line":22,"column":12},"end":{"line":22,"column":33}},{"start":{"line":22,"column":33},"end":{"line":22,"column":null}}],"line":22},"10":{"loc":{"start":{"line":23,"column":12},"end":{"line":23,"column":null}},"type":"binary-expr","locations":[{"start":{"line":23,"column":12},"end":{"line":23,"column":37}},{"start":{"line":23,"column":37},"end":{"line":23,"column":null}}],"line":23},"11":{"loc":{"start":{"line":24,"column":21},"end":{"line":24,"column":null}},"type":"binary-expr","locations":[{"start":{"line":24,"column":21},"end":{"line":24,"column":51}},{"start":{"line":24,"column":51},"end":{"line":24,"column":null}}],"line":24},"12":{"loc":{"start":{"line":85,"column":9},"end":{"line":93,"column":null}},"type":"binary-expr","locations":[{"start":{"line":85,"column":9},"end":{"line":85,"column":null}},{"start":{"line":86,"column":10},"end":{"line":93,"column":null}}],"line":85}},"s":{"0":1,"1":0,"2":0,"3":0,"4":0,"5":0,"6":0,"7":0,"8":0,"9":0,"10":0},"f":{"0":0,"1":0,"2":0},"b":{"0":[0,0],"1":[0,0],"2":[0,0],"3":[0,0],"4":[0,0,0],"5":[0,0],"6":[0,0],"7":[0,0],"8":[0,0],"9":[0,0],"10":[0,0],"11":[0,0],"12":[0,0]},"meta":{"lastBranch":13,"lastFunction":3,"lastStatement":11,"seen":{"s:4:13:98:Infinity":0,"f:4:13:4:35":0,"s:5:24:5:Infinity":1,"b:7:2:7:Infinity:undefined:undefined:undefined:undefined":0,"s:7:2:7:Infinity":2,"s:7:21:7:Infinity":3,"s:10:17:10:Infinity":4,"b:10:17:10:37:10:37:10:Infinity":1,"s:11:20:11:Infinity":5,"b:11:20:11:43:11:43:11:Infinity":2,"s:12:21:12:Infinity":6,"b:12:21:12:49:12:49:12:Infinity":3,"s:14:19:25:Infinity":7,"b:17:17:17:60:17:60:17:95:17:95:17:Infinity":4,"b:18:16:18:58:18:58:18:Infinity":5,"b:19:21:19:42:19:42:19:44":6,"b:20:49:20:58:20:58:20:Infinity":7,"b:21:16:21:48:21:48:21:Infinity":8,"b:22:12:22:33:22:33:22:Infinity":9,"b:23:12:23:37:23:37:23:Infinity":10,"b:24:21:24:51:24:51:24:Infinity":11,"s:27:2:96:Infinity":8,"f:31:16:31:31":1,"s:31:31:31:54":9,"b:85:9:85:Infinity:86:10:93:Infinity":12,"f:89:40:89:45":2,"s:90:16:90:Infinity":10}}}
,"D:\\antigravity\\Eureka\\Actividad1\\frontend\\src\\components\\layout\\PageContainer.tsx": {"path":"D:\\antigravity\\Eureka\\Actividad1\\frontend\\src\\components\\layout\\PageContainer.tsx","statementMap":{"0":{"start":{"line":6,"column":13},"end":{"line":33,"column":null}},"1":{"start":{"line":7,"column":20},"end":{"line":7,"column":null}},"2":{"start":{"line":9,"column":2},"end":{"line":31,"column":null}}},"fnMap":{"0":{"name":"(anonymous_0)","decl":{"start":{"line":6,"column":13},"end":{"line":6,"column":30}},"loc":{"start":{"line":6,"column":94},"end":{"line":33,"column":null}},"line":6}},"branchMap":{"0":{"loc":{"start":{"line":10,"column":62},"end":{"line":10,"column":null}},"type":"cond-expr","locations":[{"start":{"line":10,"column":73},"end":{"line":10,"column":82}},{"start":{"line":10,"column":82},"end":{"line":10,"column":null}}],"line":10},"1":{"loc":{"start":{"line":23,"column":13},"end":{"line":23,"column":null}},"type":"cond-expr","locations":[{"start":{"line":23,"column":24},"end":{"line":23,"column":45}},{"start":{"line":23,"column":44},"end":{"line":23,"column":null}}],"line":23}},"s":{"0":1,"1":12,"2":12},"f":{"0":12},"b":{"0":[12,0],"1":[12,0]},"meta":{"lastBranch":2,"lastFunction":1,"lastStatement":3,"seen":{"s:6:13:33:Infinity":0,"f:6:13:6:30":0,"s:7:20:7:Infinity":1,"s:9:2:31:Infinity":2,"b:10:73:10:82:10:82:10:Infinity":0,"b:23:24:23:45:23:44:23:Infinity":1}}}
,"D:\\antigravity\\Eureka\\Actividad1\\frontend\\src\\components\\layout\\Sidebar.tsx": {"path":"D:\\antigravity\\Eureka\\Actividad1\\frontend\\src\\components\\layout\\Sidebar.tsx","statementMap":{"0":{"start":{"line":5,"column":17},"end":{"line":14,"column":null}},"1":{"start":{"line":16,"column":13},"end":{"line":58,"column":null}},"2":{"start":{"line":17,"column":8},"end":{"line":17,"column":null}},"3":{"start":{"line":19,"column":2},"end":{"line":56,"column":null}},"4":{"start":{"line":32,"column":23},"end":{"line":32,"column":null}},"5":{"start":{"line":33,"column":27},"end":{"line":33,"column":null}},"6":{"start":{"line":35,"column":10},"end":{"line":48,"column":null}}},"fnMap":{"0":{"name":"(anonymous_0)","decl":{"start":{"line":16,"column":13},"end":{"line":16,"column":29}},"loc":{"start":{"line":16,"column":29},"end":{"line":58,"column":null}},"line":16},"1":{"name":"(anonymous_1)","decl":{"start":{"line":31,"column":18},"end":{"line":31,"column":23}},"loc":{"start":{"line":31,"column":32},"end":{"line":50,"column":9}},"line":31}},"branchMap":{"0":{"loc":{"start":{"line":41,"column":16},"end":{"line":43,"column":null}},"type":"cond-expr","locations":[{"start":{"line":42,"column":20},"end":{"line":42,"column":null}},{"start":{"line":43,"column":20},"end":{"line":43,"column":null}}],"line":41}},"s":{"0":2,"1":2,"2":13,"3":13,"4":104,"5":104,"6":104},"f":{"0":13,"1":104},"b":{"0":[13,91]},"meta":{"lastBranch":1,"lastFunction":2,"lastStatement":7,"seen":{"s:5:17:14:Infinity":0,"s:16:13:58:Infinity":1,"f:16:13:16:29":0,"s:17:8:17:Infinity":2,"s:19:2:56:Infinity":3,"f:31:18:31:23":1,"s:32:23:32:Infinity":4,"s:33:27:33:Infinity":5,"s:35:10:48:Infinity":6,"b:42:20:42:Infinity:43:20:43:Infinity":0}}}
,"D:\\antigravity\\Eureka\\Actividad1\\frontend\\src\\hooks\\index.ts": {"path":"D:\\antigravity\\Eureka\\Actividad1\\frontend\\src\\hooks\\index.ts","statementMap":{"0":{"start":{"line":5,"column":13},"end":{"line":10,"column":null}},"1":{"start":{"line":6,"column":2},"end":{"line":9,"column":null}},"2":{"start":{"line":12,"column":13},"end":{"line":18,"column":null}},"3":{"start":{"line":13,"column":2},"end":{"line":17,"column":null}},"4":{"start":{"line":15,"column":4},"end":{"line":15,"column":null}},"5":{"start":{"line":20,"column":13},"end":{"line":26,"column":null}},"6":{"start":{"line":21,"column":2},"end":{"line":25,"column":null}},"7":{"start":{"line":23,"column":4},"end":{"line":23,"column":null}},"8":{"start":{"line":28,"column":13},"end":{"line":34,"column":null}},"9":{"start":{"line":29,"column":2},"end":{"line":33,"column":null}},"10":{"start":{"line":31,"column":4},"end":{"line":31,"column":null}},"11":{"start":{"line":36,"column":13},"end":{"line":41,"column":null}},"12":{"start":{"line":37,"column":2},"end":{"line":40,"column":null}},"13":{"start":{"line":43,"column":13},"end":{"line":48,"column":null}},"14":{"start":{"line":44,"column":2},"end":{"line":47,"column":null}},"15":{"start":{"line":50,"column":13},"end":{"line":56,"column":null}},"16":{"start":{"line":51,"column":2},"end":{"line":55,"column":null}},"17":{"start":{"line":53,"column":4},"end":{"line":53,"column":null}},"18":{"start":{"line":58,"column":13},"end":{"line":63,"column":null}},"19":{"start":{"line":59,"column":2},"end":{"line":62,"column":null}},"20":{"start":{"line":65,"column":13},"end":{"line":70,"column":null}},"21":{"start":{"line":66,"column":2},"end":{"line":69,"column":null}},"22":{"start":{"line":72,"column":13},"end":{"line":77,"column":null}},"23":{"start":{"line":73,"column":2},"end":{"line":76,"column":null}},"24":{"start":{"line":75,"column":4},"end":{"line":75,"column":null}}},"fnMap":{"0":{"name":"(anonymous_0)","decl":{"start":{"line":5,"column":13},"end":{"line":5,"column":35}},"loc":{"start":{"line":5,"column":35},"end":{"line":10,"column":null}},"line":5},"1":{"name":"(anonymous_1)","decl":{"start":{"line":12,"column":13},"end":{"line":12,"column":29}},"loc":{"start":{"line":12,"column":56},"end":{"line":18,"column":null}},"line":12},"2":{"name":"(anonymous_2)","decl":{"start":{"line":15,"column":4},"end":{"line":15,"column":19}},"loc":{"start":{"line":15,"column":4},"end":{"line":15,"column":null}},"line":15},"3":{"name":"(anonymous_3)","decl":{"start":{"line":20,"column":13},"end":{"line":20,"column":34}},"loc":{"start":{"line":20,"column":60},"end":{"line":26,"column":null}},"line":20},"4":{"name":"(anonymous_4)","decl":{"start":{"line":23,"column":4},"end":{"line":23,"column":19}},"loc":{"start":{"line":23,"column":4},"end":{"line":23,"column":null}},"line":23},"5":{"name":"(anonymous_5)","decl":{"start":{"line":28,"column":13},"end":{"line":28,"column":32}},"loc":{"start":{"line":28,"column":59},"end":{"line":34,"column":null}},"line":28},"6":{"name":"(anonymous_6)","decl":{"start":{"line":31,"column":4},"end":{"line":31,"column":19}},"loc":{"start":{"line":31,"column":4},"end":{"line":31,"column":null}},"line":31},"7":{"name":"(anonymous_7)","decl":{"start":{"line":36,"column":13},"end":{"line":36,"column":41}},"loc":{"start":{"line":36,"column":41},"end":{"line":41,"column":null}},"line":36},"8":{"name":"(anonymous_8)","decl":{"start":{"line":43,"column":13},"end":{"line":43,"column":34}},"loc":{"start":{"line":43,"column":34},"end":{"line":48,"column":null}},"line":43},"9":{"name":"(anonymous_9)","decl":{"start":{"line":50,"column":13},"end":{"line":50,"column":34}},"loc":{"start":{"line":50,"column":61},"end":{"line":56,"column":null}},"line":50},"10":{"name":"(anonymous_10)","decl":{"start":{"line":53,"column":4},"end":{"line":53,"column":19}},"loc":{"start":{"line":53,"column":4},"end":{"line":53,"column":null}},"line":53},"11":{"name":"(anonymous_11)","decl":{"start":{"line":58,"column":13},"end":{"line":58,"column":41}},"loc":{"start":{"line":58,"column":41},"end":{"line":63,"column":null}},"line":58},"12":{"name":"(anonymous_12)","decl":{"start":{"line":65,"column":13},"end":{"line":65,"column":35}},"loc":{"start":{"line":65,"column":35},"end":{"line":70,"column":null}},"line":65},"13":{"name":"(anonymous_13)","decl":{"start":{"line":72,"column":13},"end":{"line":72,"column":30}},"loc":{"start":{"line":72,"column":56},"end":{"line":77,"column":null}},"line":72},"14":{"name":"(anonymous_14)","decl":{"start":{"line":75,"column":4},"end":{"line":75,"column":19}},"loc":{"start":{"line":75,"column":4},"end":{"line":75,"column":null}},"line":75}},"branchMap":{},"s":{"0":1,"1":1,"2":1,"3":1,"4":1,"5":1,"6":1,"7":1,"8":1,"9":1,"10":1,"11":1,"12":1,"13":1,"14":1,"15":1,"16":1,"17":1,"18":1,"19":0,"20":1,"21":0,"22":1,"23":0,"24":0},"f":{"0":1,"1":1,"2":1,"3":1,"4":1,"5":1,"6":1,"7":1,"8":1,"9":1,"10":1,"11":0,"12":0,"13":0,"14":0},"b":{},"meta":{"lastBranch":0,"lastFunction":15,"lastStatement":25,"seen":{"s:5:13:10:Infinity":0,"f:5:13:5:35":0,"s:6:2:9:Infinity":1,"s:12:13:18:Infinity":2,"f:12:13:12:29":1,"s:13:2:17:Infinity":3,"f:15:4:15:19":2,"s:15:4:15:Infinity":4,"s:20:13:26:Infinity":5,"f:20:13:20:34":3,"s:21:2:25:Infinity":6,"f:23:4:23:19":4,"s:23:4:23:Infinity":7,"s:28:13:34:Infinity":8,"f:28:13:28:32":5,"s:29:2:33:Infinity":9,"f:31:4:31:19":6,"s:31:4:31:Infinity":10,"s:36:13:41:Infinity":11,"f:36:13:36:41":7,"s:37:2:40:Infinity":12,"s:43:13:48:Infinity":13,"f:43:13:43:34":8,"s:44:2:47:Infinity":14,"s:50:13:56:Infinity":15,"f:50:13:50:34":9,"s:51:2:55:Infinity":16,"f:53:4:53:19":10,"s:53:4:53:Infinity":17,"s:58:13:63:Infinity":18,"f:58:13:58:41":11,"s:59:2:62:Infinity":19,"s:65:13:70:Infinity":20,"f:65:13:65:35":12,"s:66:2:69:Infinity":21,"s:72:13:77:Infinity":22,"f:72:13:72:30":13,"s:73:2:76:Infinity":23,"f:75:4:75:19":14,"s:75:4:75:Infinity":24}}}
,"D:\\antigravity\\Eureka\\Actividad1\\frontend\\src\\pages\\DashboardPage.tsx": {"path":"D:\\antigravity\\Eureka\\Actividad1\\frontend\\src\\pages\\DashboardPage.tsx","statementMap":{"0":{"start":{"line":9,"column":13},"end":{"line":64,"column":null}},"1":{"start":{"line":10,"column":36},"end":{"line":10,"column":null}},"2":{"start":{"line":11,"column":37},"end":{"line":11,"column":null}},"3":{"start":{"line":13,"column":18},"end":{"line":13,"column":null}},"4":{"start":{"line":15,"column":2},"end":{"line":15,"column":null}},"5":{"start":{"line":15,"column":15},"end":{"line":15,"column":null}},"6":{"start":{"line":16,"column":2},"end":{"line":16,"column":null}},"7":{"start":{"line":16,"column":13},"end":{"line":16,"column":null}},"8":{"start":{"line":18,"column":2},"end":{"line":26,"column":null}},"9":{"start":{"line":19,"column":4},"end":{"line":24,"column":null}},"10":{"start":{"line":28,"column":2},"end":{"line":62,"column":null}}},"fnMap":{"0":{"name":"(anonymous_0)","decl":{"start":{"line":9,"column":13},"end":{"line":9,"column":35}},"loc":{"start":{"line":9,"column":35},"end":{"line":64,"column":null}},"line":9}},"branchMap":{"0":{"loc":{"start":{"line":13,"column":18},"end":{"line":13,"column":null}},"type":"binary-expr","locations":[{"start":{"line":13,"column":18},"end":{"line":13,"column":31}},{"start":{"line":13,"column":31},"end":{"line":13,"column":null}}],"line":13},"1":{"loc":{"start":{"line":15,"column":2},"end":{"line":15,"column":null}},"type":"if","locations":[{"start":{"line":15,"column":2},"end":{"line":15,"column":null}},{"start":{},"end":{}}],"line":15},"2":{"loc":{"start":{"line":16,"column":2},"end":{"line":16,"column":null}},"type":"if","locations":[{"start":{"line":16,"column":2},"end":{"line":16,"column":null}},{"start":{},"end":{}}],"line":16},"3":{"loc":{"start":{"line":18,"column":2},"end":{"line":26,"column":null}},"type":"if","locations":[{"start":{"line":18,"column":2},"end":{"line":26,"column":null}},{"start":{},"end":{}}],"line":18},"4":{"loc":{"start":{"line":18,"column":6},"end":{"line":18,"column":44}},"type":"binary-expr","locations":[{"start":{"line":18,"column":6},"end":{"line":18,"column":17}},{"start":{"line":18,"column":17},"end":{"line":18,"column":44}}],"line":18},"5":{"loc":{"start":{"line":34,"column":39},"end":{"line":34,"column":56}},"type":"binary-expr","locations":[{"start":{"line":34,"column":39},"end":{"line":34,"column":51}},{"start":{"line":34,"column":51},"end":{"line":34,"column":56}}],"line":34},"6":{"loc":{"start":{"line":51,"column":35},"end":{"line":51,"column":68}},"type":"binary-expr","locations":[{"start":{"line":51,"column":35},"end":{"line":51,"column":63}},{"start":{"line":51,"column":63},"end":{"line":51,"column":68}}],"line":51}},"s":{"0":1,"1":1,"2":1,"3":1,"4":1,"5":0,"6":1,"7":0,"8":1,"9":0,"10":1},"f":{"0":1},"b":{"0":[1,1],"1":[0,1],"2":[0,1],"3":[0,1],"4":[1,1],"5":[1,0],"6":[1,0]},"meta":{"lastBranch":7,"lastFunction":1,"lastStatement":11,"seen":{"s:9:13:64:Infinity":0,"f:9:13:9:35":0,"s:10:36:10:Infinity":1,"s:11:37:11:Infinity":2,"s:13:18:13:Infinity":3,"b:13:18:13:31:13:31:13:Infinity":0,"b:15:2:15:Infinity:undefined:undefined:undefined:undefined":1,"s:15:2:15:Infinity":4,"s:15:15:15:Infinity":5,"b:16:2:16:Infinity:undefined:undefined:undefined:undefined":2,"s:16:2:16:Infinity":6,"s:16:13:16:Infinity":7,"b:18:2:26:Infinity:undefined:undefined:undefined:undefined":3,"s:18:2:26:Infinity":8,"b:18:6:18:17:18:17:18:44":4,"s:19:4:24:Infinity":9,"s:28:2:62:Infinity":10,"b:34:39:34:51:34:51:34:56":5,"b:51:35:51:63:51:63:51:68":6}}}
,"D:\\antigravity\\Eureka\\Actividad1\\frontend\\src\\pages\\ExplainabilityPage.tsx": {"path":"D:\\antigravity\\Eureka\\Actividad1\\frontend\\src\\pages\\ExplainabilityPage.tsx","statementMap":{"0":{"start":{"line":6,"column":13},"end":{"line":244,"column":null}},"1":{"start":{"line":7,"column":18},"end":{"line":7,"column":null}},"2":{"start":{"line":8,"column":20},"end":{"line":8,"column":null}},"3":{"start":{"line":9,"column":27},"end":{"line":9,"column":null}},"4":{"start":{"line":11,"column":8},"end":{"line":14,"column":null}},"5":{"start":{"line":12,"column":4},"end":{"line":12,"column":null}},"6":{"start":{"line":13,"column":4},"end":{"line":13,"column":null}},"7":{"start":{"line":16,"column":20},"end":{"line":16,"column":null}},"8":{"start":{"line":18,"column":2},"end":{"line":242,"column":null}},"9":{"start":{"line":25,"column":29},"end":{"line":25,"column":null}},"10":{"start":{"line":138,"column":24},"end":{"line":160,"column":null}},"11":{"start":{"line":177,"column":20},"end":{"line":180,"column":null}},"12":{"start":{"line":192,"column":20},"end":{"line":192,"column":null}},"13":{"start":{"line":215,"column":20},"end":{"line":215,"column":null}},"14":{"start":{"line":225,"column":18},"end":{"line":235,"column":null}}},"fnMap":{"0":{"name":"(anonymous_0)","decl":{"start":{"line":6,"column":13},"end":{"line":6,"column":40}},"loc":{"start":{"line":6,"column":40},"end":{"line":244,"column":null}},"line":6},"1":{"name":"(anonymous_1)","decl":{"start":{"line":11,"column":8},"end":{"line":11,"column":24}},"loc":{"start":{"line":11,"column":47},"end":{"line":14,"column":null}},"line":11},"2":{"name":"(anonymous_2)","decl":{"start":{"line":25,"column":12},"end":{"line":25,"column":23}},"loc":{"start":{"line":25,"column":29},"end":{"line":25,"column":null}},"line":25},"3":{"name":"(anonymous_3)","decl":{"start":{"line":137,"column":49},"end":{"line":137,"column":54}},"loc":{"start":{"line":138,"column":24},"end":{"line":160,"column":null}},"line":138},"4":{"name":"(anonymous_4)","decl":{"start":{"line":176,"column":35},"end":{"line":176,"column":40}},"loc":{"start":{"line":177,"column":20},"end":{"line":180,"column":null}},"line":177},"5":{"name":"(anonymous_5)","decl":{"start":{"line":191,"column":32},"end":{"line":191,"column":37}},"loc":{"start":{"line":192,"column":20},"end":{"line":192,"column":null}},"line":192},"6":{"name":"(anonymous_6)","decl":{"start":{"line":214,"column":41},"end":{"line":214,"column":46}},"loc":{"start":{"line":215,"column":20},"end":{"line":215,"column":null}},"line":215},"7":{"name":"(anonymous_7)","decl":{"start":{"line":224,"column":29},"end":{"line":224,"column":34}},"loc":{"start":{"line":225,"column":18},"end":{"line":235,"column":null}},"line":225}},"branchMap":{"0":{"loc":{"start":{"line":16,"column":20},"end":{"line":16,"column":null}},"type":"binary-expr","locations":[{"start":{"line":16,"column":20},"end":{"line":16,"column":31}},{"start":{"line":16,"column":31},"end":{"line":16,"column":55}},{"start":{"line":16,"column":55},"end":{"line":16,"column":null}}],"line":16},"1":{"loc":{"start":{"line":35,"column":9},"end":{"line":35,"column":null}},"type":"binary-expr","locations":[{"start":{"line":35,"column":
[...]
],"7":[0,0],"8":[0,0],"9":[0,0],"10":[0,0],"11":[0,0],"12":[0,0],"13":[0,0],"14":[0,0],"15":[0,0],"16":[0,0],"17":[0,0]},"meta":{"lastBranch":18,"lastFunction":12,"lastStatement":35,"seen":{"s:5:13:162:Infinity":0,"f:5:13:5:44":0,"s:6:15:6:Infinity":1,"s:7:17:7:Infinity":2,"s:8:16:8:Infinity":3,"s:9:22:9:Infinity":4,"s:10:8:10:Infinity":5,"s:12:8:16:Infinity":6,"f:12:8:12:28":1,"b:13:4:15:Infinity:undefined:undefined:undefined:undefined":0,"s:13:4:15:Infinity":7,"b:13:8:13:26:13:26:13:53":1,"s:14:6:14:Infinity":8,"s:18:8:23:Infinity":9,"f:18:8:18:22":2,"s:19:4:19:Infinity":10,"b:20:4:22:Infinity:undefined:undefined:undefined:undefined":2,"s:20:4:22:Infinity":11,"b:20:8:20:32:20:32:20:65":3,"s:21:6:21:Infinity":12,"s:25:23:43:Infinity":13,"f:25:23:25:35":3,"b:26:4:26:Infinity:undefined:undefined:undefined:undefined":4,"s:26:4:26:Infinity":14,"s:26:15:26:Infinity":15,"s:27:4:27:Infinity":16,"s:30:4:42:Infinity":17,"f:30:4:30:21":4,"s:31:6:31:Infinity":18,"s:32:6:32:Infinity":19,"s:33:6:41:Infinity":20,"s:45:27:53:Infinity":21,"f:45:27:45:39":5,"b:46:4:46:Infinity:undefined:undefined:undefined:undefined":5,"s:46:4:46:Infinity":22,"s:46:16:46:Infinity":23,"s:47:4:47:Infinity":24,"s:50:4:52:Infinity":25,"f:50:4:50:21":6,"s:51:6:51:Infinity":26,"s:55:2:160:Infinity":27,"b:59:10:99:11:99:10:157:Infinity":6,"b:58:9:58:30:58:30:58:Infinity":7,"f:63:14:63:27":7,"s:63:33:63:Infinity":28,"f:65:14:65:29":8,"s:65:29:65:Infinity":29,"b:79:13:79:Infinity:80:14:95:Infinity":8,"b:85:102:85:115:85:115:85:133":9,"f:89:18:89:28":9,"s:89:36:89:57":30,"s:89:57:89:73":31,"b:93:44:93:61:93:61:93:Infinity":10,"b:107:17:107:Infinity:108:18:114:Infinity":11,"b:121:18:130:19:130:18:132:Infinity":12,"b:120:17:120:32:120:32:120:Infinity":13,"f:122:47:122:52":10,"s:123:22:126:Infinity":32,"f:137:16:137:31":11,"s:137:33:137:52":33,"s:137:52:137:67":34,"b:144:26:144:51:144:51:144:Infinity":14,"b:147:41:147:63:147:63:147:Infinity":15,"b:147:83:147:99:147:99:147:Infinity":16,"b:151:13:151:Infinity:152:14:155:Infinity":17}}}
,"D:\\antigravity\\Eureka\\Actividad1\\frontend\\src\\pages\\SimulationPage.tsx": {"path":"D:\\antigravity\\Eureka\\Actividad1\\frontend\\src\\pages\\SimulationPage.tsx","statementMap":{"0":{"start":{"line":6,"column":13},"end":{"line":158,"column":null}},"1":{"start":{"line":7,"column":24},"end":{"line":7,"column":null}},"2":{"start":{"line":8,"column":34},"end":{"line":8,"column":null}},"3":{"start":{"line":10,"column":8},"end":{"line":12,"column":null}},"4":{"start":{"line":11,"column":4},"end":{"line":11,"column":null}},"5":{"start":{"line":14,"column":2},"end":{"line":156,"column":null}},"6":{"start":{"line":26,"column":29},"end":{"line":26,"column":null}},"7":{"start":{"line":110,"column":41},"end":{"line":110,"column":null}},"8":{"start":{"line":111,"column":40},"end":{"line":111,"column":null}},"9":{"start":{"line":112,"column":22},"end":{"line":133,"column":null}}},"fnMap":{"0":{"name":"(anonymous_0)","decl":{"start":{"line":6,"column":13},"end":{"line":6,"column":36}},"loc":{"start":{"line":6,"column":36},"end":{"line":158,"column":null}},"line":6},"1":{"name":"(anonymous_1)","decl":{"start":{"line":10,"column":8},"end":{"line":10,"column":30}},"loc":{"start":{"line":10,"column":73},"end":{"line":12,"column":null}},"line":10},"2":{"name":"(anonymous_2)","decl":{"start":{"line":26,"column":14},"end":{"line":26,"column":29}},"loc":{"start":{"line":26,"column":29},"end":{"line":26,"column":null}},"line":26},"3":{"name":"(anonymous_3)","decl":{"start":{"line":109,"column":49},"end":{"line":109,"column":54}},"loc":{"start":{"line":109,"column":79},"end":{"line":135,"column":21}},"line":109}},"branchMap":{"0":{"loc":{"start":{"line":60,"column":9},"end":{"line":60,"column":null}},"type":"binary-expr","locations":[{"start":{"line":60,"column":9},"end":{"line":60,"column":22}},{"start":{"line":60,"column":22},"end":{"line":60,"column":null}}],"line":60},"1":{"loc":{"start":{"line":62,"column":9},"end":{"line":66,"column":null}},"type":"binary-expr","locations":[{"start":{"line":62,"column":9},"end":{"line":62,"column":null}},{"start":{"line":63,"column":10},"end":{"line":66,"column":null}}],"line":62},"2":{"loc":{"start":{"line":69,"column":9},"end":{"line":153,"column":null}},"type":"binary-expr","locations":[{"start":{"line":69,"column":9},"end":{"line":69,"column":null}},{"start":{"line":70,"column":10},"end":{"line":153,"column":null}}],"line":69},"3":{"loc":{"start":{"line":122,"column":32},"end":{"line":123,"column":null}},"type":"cond-expr","locations":[{"start":{"line":122,"column":45},"end":{"line":122,"column":null}},{"start":{"line":123,"column":32},"end":{"line":123,"column":null}}],"line":122},"4":{"loc":{"start":{"line":123,"column":32},"end":{"line":123,"column":null}},"type":"cond-expr","locations":[{"start":{"line":123,"column":45},"end":{"line":123,"column":84}},{"start":{"line":123,"column":84},"end":{"line":123,"column":null}}],"line":123},"5":{"loc":{"start":{"line":125,"column":33},"end":{"line":125,"column":72}},"type":"cond-expr","locations":[{"start":{"line":125,"column":62},"end":{"line":125,"column":68}},{"start":{"line":125,"column":68},"end":{"line":125,"column":72}}],"line":125},"6":{"loc":{"start":{"line":128,"column":33},"end":{"line":129,"column":null}},"type":"cond-expr","locations":[{"start":{"line":128,"column":75},"end":{"line":128,"column":null}},{"start":{"line":129,"column":33},"end":{"line":129,"column":null}}],"line":128},"7":{"loc":{"start":{"line":129,"column":33},"end":{"line":129,"column":null}},"type":"cond-expr","locations":[{"start":{"line":129,"column":75},"end":{"line":129,"column":94}},{"start":{"line":129,"column":94},"end":{"line":129,"column":null}}],"line":129}},"s":{"0":1,"1":1,"2":1,"3":1,"4":0,"5":1,"6":0,"7":1,"8":1,"9":1},"f":{"0":1,"1":0,"2":0,"3":1},"b":{"0":[1,0],"1":[1,0],"2":[1,1],"3":[0,1],"4":[0,1],"5":[0,1],"6":[1,0],"7":[0,0]},"meta":{"lastBranch":8,"lastFunction":4,"lastStatement":10,"seen":{"s:6:13:158:Infinity":0,"f:6:13:6:36":0,"s:7:24:7:Infinity":1,"s:8:34:8:Infinity":2,"s:10:8:12:Infinity":3,"f:10:8:10:30":1,"s:11:4:11:Infinity":4,"s:14:2:156:Infinity":5,"f:26:14:26:29":2,"s:26:29:26:Infinity":6,"b:60:9:60:22:60:22:60:Infinity":0,"b:62:9:62:Infinity:63:10:66:Infinity":1,"b:69:9:69:Infinity:70:10:153:Infinity":2,"f:109:49:109:54":3,"s:110:41:110:Infinity":7,"s:111:40:111:Infinity":8,"s:112:22:133:Infinity":9,"b:122:45:122:Infinity:123:32:123:Infinity":3,"b:123:45:123:84:123:84:123:Infinity":4,"b:125:62:125:68:125:68:125:72":5,"b:128:75:128:Infinity:129:33:129:Infinity":6,"b:129:75:129:94:129:94:129:Infinity":7}}}
,"D:\\antigravity\\Eureka\\Actividad1\\frontend\\src\\pages\\TraceabilityPage.tsx": {"path":"D:\\antigravity\\Eureka\\Actividad1\\frontend\\src\\pages\\TraceabilityPage.tsx","statementMap":{"0":{"start":{"line":6,"column":13},"end":{"line":299,"column":null}},"1":{"start":{"line":7,"column":18},"end":{"line":7,"column":null}},"2":{"start":{"line":8,"column":18},"end":{"line":8,"column":null}},"3":{"start":{"line":9,"column":27},"end":{"line":9,"column":null}},"4":{"start":{"line":11,"column":8},"end":{"line":14,"column":null}},"5":{"start":{"line":12,"column":4},"end":{"line":12,"column":null}},"6":{"start":{"line":13,"column":4},"end":{"line":13,"column":null}},"7":{"start":{"line":16,"column":20},"end":{"line":16,"column":null}},"8":{"start":{"line":18,"column":2},"end":{"line":297,"column":null}},"9":{"start":{"line":25,"column":29},"end":{"line":25,"column":null}},"10":{"start":{"line":95,"column":20},"end":{"line":99,"column":null}},"11":{"start":{"line":115,"column":20},"end":{"line":128,"column":null}},"12":{"start":{"line":147,"column":22},"end":{"line":157,"column":null}},"13":{"start":{"line":177,"column":22},"end":{"line":192,"column":null}},"14":{"start":{"line":208,"column":18},"end":{"line":218,"column":null}},"15":{"start":{"line":243,"column":16},"end":{"line":252,"column":null}},"16":{"start":{"line":245,"column":20},"end":{"line":250,"column":null}},"17":{"start":{"line":262,"column":16},"end":{"line":271,"column":null}},"18":{"start":{"line":264,"column":20},"end":{"line":269,"column":null}},"19":{"start":{"line":281,"column":16},"end":{"line":290,"column":null}},"20":{"start":{"line":283,"column":20},"end":{"line":288,"column":null}}},"fnMap":{"0":{"name":"(anonymous_0)","decl":{"start":{"line":6,"column":13},"end":{"line":6,"column":38}},"loc":{"start":{"line":6,"column":38},"end":{"line":299,"column":null}},"line":6},"1":{"name":"(anonymous_1)","decl":{"start":{"line":11,"column":8},"end":{"line":11,"column":24}},"loc":{"start":{"line":11,"column":47},"end":{"line":14,"column":null}},"line":11},"2":{"name":"(anonymous_2)","decl":{"start":{"line":25,"column":12},"end":{"line":25,"column":23}},"loc":{"start":{"line":25,"column":29},"end":{"line":25,"column":null}},"line":25},"3":{"name":"(anonymous_3)","decl":{"start":{"line":94,"column":49},"end":{"line":94,"column":54}},"loc":{"start":{"line":95,"column":20},"end":{"line":99,"column":null}},"line":95},"4":{"name":"(anonymous_4)","decl":{"start":{"line":114,"column":52},"end":{"line":114,"column":57}},"loc":{"start":{"line":115,"column":20},"end":{"line":128,"column":null}},"line":115},"5":{"name":"(anonymous_5)","decl":{"start":{"line":146,"column":55},"end":{"line":146,"column":60}},"loc":{"start":{"line":147,"column":22},"end":{"line":157,"column":null}},"line":147},"6":{"name":"(anonymous_6)","decl":{"start":{"line":176,"column":52},"end":{"line":176,"column":57}},"loc":{"start":{"line":177,"column":22},"end":{"line":192,"column":null}},"line":177},"7":{"name":"(anonymous_7)","decl":{"start":{"line":207,"column":46},"end":{"line":207,"column":51}},"loc":{"start":{"line":208,"column":18},"end":{"line":218,"column":null}},"line":208},"8":{"name":"(anonymous_8)","decl":{"start":{"line":242,"column":33},"end":{"line":242,"column":38}},"loc":{"start":{"line":243,"column":16},"end":{"line":252,"column":null}},"line":243},"9":{"name":"(anonymous_9)","decl":{"start":{"line":244,"column":30},"end":{"line":244,"column":35}},"loc":{"start":{"line":245,"column":20},"end":{"line":250,"column":null}},"line":245},"10":{"name":"(anonymous_10)","decl":{"start":{"line":261,"column":32},"end":{"line":261,"column":37}},"loc":{"start":{"line":262,"column":16},"end":{"line":271,"column":null}},"line":262},"11":{"name":"(anonymous_11)","decl":{"start":{"line":263,"column":30},"end":{"line":263,"column":35}},"loc":{"start":{"line":264,"column":20},"end":{"line":269,"column":null}},"line":264},"12":{"name":"(anonymous_12)","decl":{"start":{"line":280,"column":37},"end":{"line":280,"column":42}},"loc":{"start":{"line":281,"column":16},"end":{"line":290,"column":null}},"line":281},"13":{"name":"(anonymous_13)","decl":{"start":{"line":282,"column":30},"end":{"line":282,"column":35}},"loc":{"start":{"line":283,"column":20},"end":{"line":288,"column":null}},"line":283}},"branchMap":{"0":{"loc":{"start":{"line":16,"column":20},"end":{"line":16,"column":null}},"type":"binary-expr","locations":[{"start":{"line":16,"column":20},"end":{"line":16,"column":31}},{"start":{"line":16,"column":31},"end":{"line":16,"column":51}},{"start":{"line":16,"column":51},"end":{"line":16,"column":null}}],"line":16},"1":{"loc":{"start":{"line":35,"column":9},"end":{"line":35,"column":null}},"type":"binary-expr","locations":[{"start":{"line":35,"column":9},"end":{"line":35,"column":22}},{"start":{"line":35,"column":22},"end":{"line":35,"column":null}}],"line":35},"2":{"loc":{"start":{"line":37,"column":9},"end":{"line":41,"column":null}},"type":"binary-expr","locations":[{"start":{"line":37,"column":9},"end":{"line":37,"column":null}},{"start":{"line":38,"column":10},"end":{"line":41,"column":null}}],"line":37},"3":{"loc":{"start":{"line":44,"column":9},"end":{"line":233,"column":null}},"type":"binary-expr","locations":[{"start":{"line":44,"column":9},"end":{"line":44,"column":17}},{"start":{"line":44,"column":17},"end":{"line":44,"column":null}},{"start":{"line":45,"column":10},"end":{"line":233,"column":null}}],"line":44},"4":{"loc":{"start":{"line":55,"column":50},"end":{"line":55,"column":null}},"type":"cond-expr","locations":[{"start":{"line":55,"column":92},"end":{"line":55,"column":109}},{"start":{"line":55,"column":109},"end":{"line":55,"column":null}}],"line":55},"5":{"loc":{"start":{"line":120,"column":26},"end":{"line":122,"column":null}},"type":"cond-expr","locations":[{"start":{"line":120,"column":51},"end":{"line":120,"column":null}},{"start":{"line":121,"column":26},"end":{"line":122,"column":null}}],"line":120},"6":{"loc":{"start":{"line":121,"column":26},"end":{"line":122,"column":null}},"type":"cond-expr","locations":[{"start":{"line":121,"column":50},"end":{"line":121,"column":null}},{"start":{"line":122,"column":26},"end":{"line":122,"column":null}}],"line":121},"7":{"loc":{"start":{"line":142,"column":17},"end":{"line":161,"column":null}},"type":"cond-expr","locations":[{"start":{"line":143,"column":18},"end":{"line":145,"column":19}},{"start":{"line":145,"column":18},"end":{"line":161,"column":null}}],"line":142},"8":{"loc":{"start":{"line":172,"column":17},"end":{"line":196,"column":null}},"type":"cond-expr","locations":[{"start":{"line":173,"column":18},"end":{"line":175,"column":19}},{"start":{"line":175,"column":18},"end":{"line":196,"column":null}}],"line":172},"9":{"loc":{"start":{"line":236,"column":9},"end":{"line":294,"column":null}},"type":"binary-expr","locations":[{"start":{"line":236,"column":9},"end":{"line":236,"column":17}},{"start":{"line":236,"column":17},"end":{"line":236,"column":null}},{"start":{"line":237,"column":10},"end":{"line":294,"column":null}}],"line":236},"10":{"loc":{"start":{"line":249,"column":23},"end":{"line":250,"column":null}},"type":"binary-expr","locations":[{"start":{"line":249,"column":23},"end":{"line":249,"column":54}},{"start":{"line":249,"column":54},"end":{"line":250,"column":null}}],"line":249},"11":{"loc":{"start":{"line":254,"column":15},"end":{"line":254,"column":null}},"type":"binary-expr","locations":[{"start":{"line":254,"column":15},"end":{"line":254,"column":49}},{"start":{"line":254,"column":49},"end":{"line":254,"column":null}}],"line":254},"12":{"loc":{"start":{"line":268,"column":23},"end":{"line":269,"column":null}},"type":"binary-expr","locations":[{"start":{"line":268,"column":23},"end":{"line":268,"column":54}},{"start":{"line":268,"column":54},"end":{"line":269,"column":null}}],"line":268},"13":{"loc":{"start":{"line":273,"column":15},"end":{"line":273,"column":null}},"type":"binary-expr","locations":[{"start":{"line":273,"column":15},"end":{"line":273,"column":48}},{"start":{"line":273,"column":48},"end":{"line":273,"column":null}}],"line":273},"14":{"loc":{"start":{"line":287,"column":23},"end":{"line":288,"column":null}},"type":"binary-expr","locations":[{"start":{"line":287,"column":23},"end":{"line":287,"column":54}},{"start":{"line":287,"column":54},"end":{"line":288,"column":null}}],"line":287},"15":{"loc":{"start":{"line":292,"column":15},"end":{"line":292,"column":null}},"type":"binary-expr","locations":[{"start":{"line":292,"column":15},"end":{"line":292,"column":53}},{"start":{"line":292,"column":53},"end":{"line":292,"column":null}}],"line":292}},"s":{"0":1,"1":3,"2":3,"3":3,"4":3,"5":1,"6":1,"7":3,"8":3,"9":1,"10":0,"11":0,"12":0,"13":0,"14":0,"15":3,"16":3,"17":0,"18":0,"19":0,"20":0},"f":{"0":3,"1":1,"2":1,"3":0,"4":0,"5":0,"6":0,"7":0,"8":3,"9":3,"10":0,"11":0,"12":0,"13":0},"b":{"0":[3,3,3],"1":[3,0],"2":[3,0],"3":[3,3,0],"4":[0,0],"5":[0,0],"6":[0,0],"7":[0,0],"8":[0,0],"9":[3,3,3],"10":[3,0],"11":[3,0],"12":[0,0],"13":[3,3],"14":[0,0],"15":[3,3]},"meta":{"lastBranch":16,"lastFunction":14,"lastStatement":21,"seen":{"s:6:13:299:Infinity":0,"f:6:13:6:38":0,"s:7:18:7:Infinity":1,"s:8:18:8:Infinity":2,"s:9:27:9:Infinity":3,"s:11:8:14:Infinity":4,"f:11:8:11:24":1,"s:12:4:12:Infinity":5,"s:13:4:13:Infinity":6,"s:16:20:16:Infinity":7,"b:16:20:16:31:16:31:16:51:16:51:16:Infinity":0,"s:18:2:297:Infinity":8,"f:25:12:25:23":2,"s:25:29:25:Infinity":9,"b:35:9:35:22:35:22:35:Infinity":1,"b:37:9:37:Infinity:38:10:41:Infinity":2,"b:44:9:44:17:44:17:44:Infinity:45:10:233:Infinity":3,"b:55:92:55:109:55:109:55:Infinity":4,"f:94:49:94:54":3,"s:95:20:99:Infinity":10,"f:114:52:114:57":4,"s:115:20:128:Infinity":11,"b:120:51:120:Infinity:121:26:122:Infinity":5,"b:121:50:121:Infinity:122:26:122:Infinity":6,"b:143:18:145:19:145:18:161:Infinity":7,"f:146:55:146:60":5,"s:147:22:157:Infinity":12,"b:173:18:175:19:175:18:196:Infinity":8,"f:176:52:176:57":6,"s:177:22:192:Infinity":13,"f:207:46:207:51":7,"s:208:18:218:Infinity":14,"b:236:9:236:17:236:17:236:Infinity:237:10:294:Infinity":9,"f:242:33:242:38":8,"s:243:16:252:Infinity":15,"f:244:30:244:35":9,"s:245:20:250:Infinity":16,"b:249:23:249:54:249:54:250:Infinity":10,"b:254:15:254:49:254:49:254:Infinity":11,"f:261:32:261:37":10,"s:262:16:271:Infinity":17,"f:263:30:263:35":11,"s:264:20:269:Infinity":18,"b:268:23:268:54:268:54:269:Infinity":12,"b:273:15:273:48:273:48:273:Infinity":13,"f:280:37:280:42":12,"s:281:16:290:Infinity":19,"f:282:30:282:35":13,"s:283:20:288:Infinity":20,"b:287:23:287:54:287:54:288:Infinity":14,"b:292:15:292:53:292:53:292:Infinity":15}}}
,"D:\\antigravity\\Eureka\\Actividad1\\frontend\\src\\store\\useGraphStore.ts": {"path":"D:\\antigravity\\Eureka\\Actividad1\\frontend\\src\\store\\useGraphStore.ts","statementMap":{"0":{"start":{"line":17,"column":13},"end":{"line":36,"column":null}},"1":{"start":{"line":17,"column":58},"end":{"line":36,"column":2}},"2":{"start":{"line":28,"column":29},"end":{"line":28,"column":null}},"3":{"start":{"line":29,"column":28},"end":{"line":29,"column":null}},"4":{"start":{"line":30,"column":27},"end":{"line":30,"column":null}},"5":{"start":{"line":31,"column":24},"end":{"line":31,"column":null}},"6":{"start":{"line":31,"column":40},"end":{"line":31,"column":70}},"7":{"start":{"line":33,"column":4},"end":{"line":35,"column":null}},"8":{"start":{"line":33,"column":20},"end":{"line":35,"column":6}}},"fnMap":{"0":{"name":"(anonymous_0)","decl":{"start":{"line":17,"column":29},"end":{"line":17,"column":49}},"loc":{"start":{"line":17,"column":58},"end":{"line":36,"column":2}},"line":17},"1":{"name":"(anonymous_1)","decl":{"start":{"line":28,"column":2},"end":{"line":28,"column":20}},"loc":{"start":{"line":28,"column":29},"end":{"line":28,"column":null}},"line":28},"2":{"name":"(anonymous_2)","decl":{"start":{"line":29,"column":2},"end":{"line":29,"column":21}},"loc":{"start":{"line":29,"column":28},"end":{"line":29,"column":null}},"line":29},"3":{"name":"(anonymous_3)","decl":{"start":{"line":30,"column":2},"end":{"line":30,"column":20}},"loc":{"start":{"line":30,"column":27},"end":{"line":30,"column":null}},"line":30},"4":{"name":"(anonymous_4)","decl":{"start":{"line":31,"column":2},"end":{"line":31,"column":24}},"loc":{"start":{"line":31,"column":24},"end":{"line":31,"column":null}},"line":31},"5":{"name":"(anonymous_5)","decl":{"start":{"line":31,"column":24},"end":{"line":31,"column":29}},"loc":{"start":{"line":31,"column":40},"end":{"line":31,"column":70}},"line":31},"6":{"name":"(anonymous_6)","decl":{"start":{"line":32,"column":2},"end":{"line":32,"column":19}},"loc":{"start":{"line":33,"column":4},"end":{"line":35,"column":null}},"line":33},"7":{"name":"(anonymous_7)","decl":{"start":{"line":33,"column":4},"end":{"line":33,"column":9}},"loc":{"start":{"line":33,"column":20},"end":{"line":35,"column":6}},"line":33}},"branchMap":{},"s":{"0":3,"1":3,"2":1,"3":1,"4":1,"5":1,"6":1,"7":1,"8":1},"f":{"0":3,"1":1,"2":1,"3":1,"4":1,"5":1,"6":1,"7":1},"b":{},"meta":{"lastBranch":0,"lastFunction":8,"lastStatement":9,"seen":{"s:17:13:36:Infinity":0,"f:17:29:17:49":0,"s:17:58:36:2":1,"f:28:2:28:20":1,"s:28:29:28:Infinity":2,"f:29:2:29:21":2,"s:29:28:29:Infinity":3,"f:30:2:30:20":3,"s:30:27:30:Infinity":4,"f:31:2:31:24":4,"s:31:24:31:Infinity":5,"f:31:24:31:29":5,"s:31:40:31:70":6,"f:32:2:32:19":6,"s:33:4:35:Infinity":7,"f:33:4:33:9":7,"s:33:20:35:6":8}}}
}
